# JRE version: Java(TM) SE Runtime Environment (8.0_66-b18) (build 1.8.0_66-b18)
# Java VM: Java HotSpot(TM) 64-Bit Server VM (25.66-b18 mixed mode windows-amd64 compressed oops)
Heap:
 PSYoungGen      total 232960K, used 48112K [0x00000000eab00000, 0x0000000100000000, 0x0000000100000000)
  eden space 116736K, 41% used [0x00000000eab00000,0x00000000ed9fc050,0x00000000f1d00000)
  from space 116224K, 0% used [0x00000000f8e80000,0x00000000f8e80000,0x0000000100000000)
  to   space 116224K, 0% used [0x00000000f1d00000,0x00000000f1d00000,0x00000000f8e80000)
 ParOldGen       total 459264K, used 233826K [0x00000000c0000000, 0x00000000dc080000, 0x00000000eab00000)
  object space 459264K, 50% used [0x00000000c0000000,0x00000000ce4588b0,0x00000000dc080000)
 Metaspace       used 6565K, capacity 7256K, committed 7424K, reserved 1056768K
  class space    used 624K, capacity 656K, committed 768K, reserved 1048576K
GC Heap History (10 events):
Event: 40.249 GC heap before
{Heap before GC invocations=26 (full 5):
 PSYoungGen      total 210944K, used 112728K [0x00000000eab00000, 0x00000000ff800000, 0x0000000100000000)
  eden space 95744K, 100% used [0x00000000eab00000,0x00000000f0880000,0x00000000f0880000)
  from space 115200K, 14% used [0x00000000f7a00000,0x00000000f8a96368,0x00000000fea80000)
  to   space 116224K, 0% used [0x00000000f0880000,0x00000000f0880000,0x00000000f7a00000)
 ParOldGen       total 384512K, used 255179K [0x00000000c0000000, 0x00000000d7780000, 0x00000000eab00000)
  object space 384512K, 66% used [0x00000000c0000000,0x00000000cf932f20,0x00000000d7780000)
 Metaspace       used 6561K, capacity 7256K, committed 7424K, reserved 1056768K
  class space    used 624K, capacity 656K, committed 768K, reserved 1048576K
Event: 40.374 GC heap after
Heap after GC invocations=26 (full 5):
 PSYoungGen      total 211968K, used 34679K [0x00000000eab00000, 0x00000000ff900000, 0x0000000100000000)
  eden space 95744K, 0% used [0x00000000eab00000,0x00000000eab00000,0x00000000f0880000)
  from space 116224K, 29% used [0x00000000f0880000,0x00000000f2a5dfa0,0x00000000f7a00000)
  to   space 116224K, 0% used [0x00000000f8780000,0x00000000f8780000,0x00000000ff900000)
 ParOldGen       total 384512K, used 269390K [0x00000000c0000000, 0x00000000d7780000, 0x00000000eab00000)
  object space 384512K, 70% used [0x00000000c0000000,0x00000000d07139a8,0x00000000d7780000)
 Metaspace       used 6561K, capacity 7256K, committed 7424K, reserved 1056768K
  class space    used 624K, capacity 656K, committed 768K, reserved 1048576K
}
Event: 40.933 GC heap before
{Heap before GC invocations=27 (full 5):
 PSYoungGen      total 211968K, used 130423K [0x00000000eab00000, 0x00000000ff900000, 0x0000000100000000)
  eden space 95744K, 100% used [0x00000000eab00000,0x00000000f0880000,0x00000000f0880000)
  from space 116224K, 29% used [0x00000000f0880000,0x00000000f2a5dfa0,0x00000000f7a00000)
  to   space 116224K, 0% used [0x00000000f8780000,0x00000000f8780000,0x00000000ff900000)
 ParOldGen       total 384512K, used 269390K [0x00000000c0000000, 0x00000000d7780000, 0x00000000eab00000)
  object space 384512K, 70% used [0x00000000c0000000,0x00000000d07139a8,0x00000000d7780000)
 Metaspace       used 6564K, capacity 7256K, committed 7424K, reserved 1056768K
  class space    used 624K, capacity 656K, committed 768K, reserved 1048576K
Event: 41.094 GC heap after
Heap after GC invocations=27 (full 5):
 PSYoungGen      total 224768K, used 15216K [0x00000000eab00000, 0x00000000ff880000, 0x0000000100000000)
  eden space 109056K, 0% used [0x00000000eab00000,0x00000000eab00000,0x00000000f1580000)
  from space 115712K, 13% used [0x00000000f8780000,0x00000000f965c3e0,0x00000000ff880000)
  to   space 116224K, 0% used [0x00000000f1580000,0x00000000f1580000,0x00000000f8700000)
 ParOldGen       total 384512K, used 303846K [0x00000000c0000000, 0x00000000d7780000, 0x00000000eab00000)
  object space 384512K, 79% used [0x00000000c0000000,0x00000000d28b9858,0x00000000d7780000)
 Metaspace       used 6564K, capacity 7256K, committed 7424K, reserved 1056768K
  class space    used 624K, capacity 656K, committed 768K, reserved 1048576K
}
Event: 41.582 GC heap before
{Heap before GC invocations=28 (full 5):
 PSYoungGen      total 224768K, used 124272K [0x00000000eab00000, 0x00000000ff880000, 0x0000000100000000)
  eden space 109056K, 100% used [0x00000000eab00000,0x00000000f1580000,0x00000000f1580000)
  from space 115712K, 13% used [0x00000000f8780000,0x00000000f965c3e0,0x00000000ff880000)
  to   space 116224K, 0% used [0x00000000f1580000,0x00000000f1580000,0x00000000f8700000)
 ParOldGen       total 384512K, used 303846K [0x00000000c0000000, 0x00000000d7780000, 0x00000000eab00000)
  object space 384512K, 79% used [0x00000000c0000000,0x00000000d28b9858,0x00000000d7780000)
 Metaspace       used 6565K, capacity 7256K, committed 7424K, reserved 1056768K
  class space    used 624K, capacity 656K, committed 768K, reserved 1048576K
Event: 41.654 GC heap after
Heap after GC invocations=28 (full 5):
 PSYoungGen      total 225280K, used 43240K [0x00000000eab00000, 0x0000000100000000, 0x0000000100000000)
  eden space 109056K, 0% used [0x00000000eab00000,0x00000000eab00000,0x00000000f1580000)
  from space 116224K, 37% used [0x00000000f1580000,0x00000000f3fba0d0,0x00000000f8700000)
  to   space 116224K, 0% used [0x00000000f8e80000,0x00000000f8e80000,0x0000000100000000)
 ParOldGen       total 384512K, used 318542K [0x00000000c0000000, 0x00000000d7780000, 0x00000000eab00000)
  object space 384512K, 82% used [0x00000000c0000000,0x00000000d3713a78,0x00000000d7780000)
 Metaspace       used 6565K, capacity 7256K, committed 7424K, reserved 1056768K
  class space    used 624K, capacity 656K, committed 768K, reserved 1048576K
}
Event: 41.898 GC heap before
{Heap before GC invocations=29 (full 5):
 PSYoungGen      total 225280K, used 152296K [0x00000000eab00000, 0x0000000100000000, 0x0000000100000000)
  eden space 109056K, 100% used [0x00000000eab00000,0x00000000f1580000,0x00000000f1580000)
  from space 116224K, 37% used [0x00000000f1580000,0x00000000f3fba0d0,0x00000000f8700000)
  to   space 116224K, 0% used [0x00000000f8e80000,0x00000000f8e80000,0x0000000100000000)
 ParOldGen       total 384512K, used 318542K [0x00000000c0000000, 0x00000000d7780000, 0x00000000eab00000)
  object space 384512K, 82% used [0x00000000c0000000,0x00000000d3713a78,0x00000000d7780000)
 Metaspace       used 6565K, capacity 7256K, committed 7424K, reserved 1056768K
  class space    used 624K, capacity 656K, committed 768K, reserved 1048576K
Event: 42.001 GC heap after
Heap after GC invocations=29 (full 5):
 PSYoungGen      total 232960K, used 43905K [0x00000000eab00000, 0x0000000100000000, 0x0000000100000000)
  eden space 116736K, 0% used [0x00000000eab00000,0x00000000eab00000,0x00000000f1d00000)
  from space 116224K, 37% used [0x00000000f8e80000,0x00000000fb9607f8,0x0000000100000000)
  to   space 116224K, 0% used [0x00000000f1d00000,0x00000000f1d00000,0x00000000f8e80000)
 ParOldGen       total 384512K, used 363057K [0x00000000c0000000, 0x00000000d7780000, 0x00000000eab00000)
  object space 384512K, 94% used [0x00000000c0000000,0x00000000d628c548,0x00000000d7780000)
 Metaspace       used 6565K, capacity 7256K, committed 7424K, reserved 1056768K
  class space    used 624K, capacity 656K, committed 768K, reserved 1048576K
}
Event: 42.001 GC heap before
{Heap before GC invocations=30 (full 6):
 PSYoungGen      total 232960K, used 43905K [0x00000000eab00000, 0x0000000100000000, 0x0000000100000000)
  eden space 116736K, 0% used [0x00000000eab00000,0x00000000eab00000,0x00000000f1d00000)
  from space 116224K, 37% used [0x00000000f8e80000,0x00000000fb9607f8,0x0000000100000000)
  to   space 116224K, 0% used [0x00000000f1d00000,0x00000000f1d00000,0x00000000f8e80000)
 ParOldGen       total 384512K, used 363057K [0x00000000c0000000, 0x00000000d7780000, 0x00000000eab00000)
  object space 384512K, 94% used [0x00000000c0000000,0x00000000d628c548,0x00000000d7780000)
 Metaspace       used 6565K, capacity 7256K, committed 7424K, reserved 1056768K
  class space    used 624K, capacity 656K, committed 768K, reserved 1048576K
Event: 43.230 GC heap after
Heap after GC invocations=30 (full 6):
 PSYoungGen      total 232960K, used 0K [0x00000000eab00000, 0x0000000100000000, 0x0000000100000000)
  eden space 116736K, 0% used [0x00000000eab00000,0x00000000eab00000,0x00000000f1d00000)
  from space 116224K, 0% used [0x00000000f8e80000,0x00000000f8e80000,0x0000000100000000)
  to   space 116224K, 0% used [0x00000000f1d00000,0x00000000f1d00000,0x00000000f8e80000)
 ParOldGen       total 459264K, used 233826K [0x00000000c0000000, 0x00000000dc080000, 0x00000000eab00000)
  object space 459264K, 50% used [0x00000000c0000000,0x00000000ce4588b0,0x00000000dc080000)
 Metaspace       used 6565K, capacity 7256K, committed 7424K, reserved 1056768K
  class space    used 624K, capacity 656K, committed 768K, reserved 1048576K
}

