# JRE version: Java(TM) SE Runtime Environment (8.0_66-b18) (build 1.8.0_66-b18)
# Java VM: Java HotSpot(TM) 64-Bit Server VM (25.66-b18 mixed mode windows-amd64 compressed oops)
Heap:
 PSYoungGen      total 221696K, used 80856K [0x00000000eab00000, 0x00000000ff600000, 0x0000000100000000)
  eden space 105472K, 63% used [0x00000000eab00000,0x00000000eec22610,0x00000000f1200000)
  from space 116224K, 12% used [0x00000000f8380000,0x00000000f9153cb8,0x00000000ff500000)
  to   space 116224K, 0% used [0x00000000f1200000,0x00000000f1200000,0x00000000f8380000)
 ParOldGen       total 408064K, used 252332K [0x00000000c0000000, 0x00000000d8e80000, 0x00000000eab00000)
  object space 408064K, 61% used [0x00000000c0000000,0x00000000cf66b2d0,0x00000000d8e80000)
 Metaspace       used 6556K, capacity 7256K, committed 7424K, reserved 1056768K
  class space    used 625K, capacity 656K, committed 768K, reserved 1048576K
GC Heap History (10 events):
Event: 42.069 GC heap before
{Heap before GC invocations=21 (full 4):
 PSYoungGen      total 196096K, used 157953K [0x00000000eab00000, 0x00000000fe000000, 0x0000000100000000)
  eden space 79872K, 100% used [0x00000000eab00000,0x00000000ef900000,0x00000000ef900000)
  from space 116224K, 67% used [0x00000000f6a80000,0x00000000fb6c0788,0x00000000fdc00000)
  to   space 116224K, 0% used [0x00000000ef900000,0x00000000ef900000,0x00000000f6a80000)
 ParOldGen       total 328192K, used 260122K [0x00000000c0000000, 0x00000000d4080000, 0x00000000eab00000)
  object space 328192K, 79% used [0x00000000c0000000,0x00000000cfe06ae8,0x00000000d4080000)
 Metaspace       used 6548K, capacity 7256K, committed 7424K, reserved 1056768K
  class space    used 625K, capacity 656K, committed 768K, reserved 1048576K
Event: 42.163 GC heap after
Heap after GC invocations=21 (full 4):
 PSYoungGen      total 196096K, used 36022K [0x00000000eab00000, 0x00000000fe980000, 0x0000000100000000)
  eden space 79872K, 0% used [0x00000000eab00000,0x00000000eab00000,0x00000000ef900000)
  from space 116224K, 30% used [0x00000000ef900000,0x00000000f1c2da60,0x00000000f6a80000)
  to   space 116224K, 0% used [0x00000000f7800000,0x00000000f7800000,0x00000000fe980000)
 ParOldGen       total 340992K, used 340459K [0x00000000c0000000, 0x00000000d4d00000, 0x00000000eab00000)
  object space 340992K, 99% used [0x00000000c0000000,0x00000000d4c7aeb0,0x00000000d4d00000)
 Metaspace       used 6548K, capacity 7256K, committed 7424K, reserved 1056768K
  class space    used 625K, capacity 656K, committed 768K, reserved 1048576K
}
Event: 42.163 GC heap before
{Heap before GC invocations=22 (full 5):
 PSYoungGen      total 196096K, used 36022K [0x00000000eab00000, 0x00000000fe980000, 0x0000000100000000)
  eden space 79872K, 0% used [0x00000000eab00000,0x00000000eab00000,0x00000000ef900000)
  from space 116224K, 30% used [0x00000000ef900000,0x00000000f1c2da60,0x00000000f6a80000)
  to   space 116224K, 0% used [0x00000000f7800000,0x00000000f7800000,0x00000000fe980000)
 ParOldGen       total 340992K, used 340459K [0x00000000c0000000, 0x00000000d4d00000, 0x00000000eab00000)
  object space 340992K, 99% used [0x00000000c0000000,0x00000000d4c7aeb0,0x00000000d4d00000)
 Metaspace       used 6548K, capacity 7256K, committed 7424K, reserved 1056768K
  class space    used 625K, capacity 656K, committed 768K, reserved 1048576K
Event: 43.953 GC heap after
Heap after GC invocations=22 (full 5):
 PSYoungGen      total 196096K, used 0K [0x00000000eab00000, 0x00000000fe980000, 0x0000000100000000)
  eden space 79872K, 0% used [0x00000000eab00000,0x00000000eab00000,0x00000000ef900000)
  from space 116224K, 0% used [0x00000000ef900000,0x00000000ef900000,0x00000000f6a80000)
  to   space 116224K, 0% used [0x00000000f7800000,0x00000000f7800000,0x00000000fe980000)
 ParOldGen       total 408064K, used 202505K [0x00000000c0000000, 0x00000000d8e80000, 0x00000000eab00000)
  object space 408064K, 49% used [0x00000000c0000000,0x00000000cc5c2438,0x00000000d8e80000)
 Metaspace       used 6548K, capacity 7256K, committed 7424K, reserved 1056768K
  class space    used 625K, capacity 656K, committed 768K, reserved 1048576K
}
Event: 44.085 GC heap before
{Heap before GC invocations=23 (full 5):
 PSYoungGen      total 196096K, used 79872K [0x00000000eab00000, 0x00000000fe980000, 0x0000000100000000)
  eden space 79872K, 100% used [0x00000000eab00000,0x00000000ef900000,0x00000000ef900000)
  from space 116224K, 0% used [0x00000000ef900000,0x00000000ef900000,0x00000000f6a80000)
  to   space 116224K, 0% used [0x00000000f7800000,0x00000000f7800000,0x00000000fe980000)
 ParOldGen       total 408064K, used 202505K [0x00000000c0000000, 0x00000000d8e80000, 0x00000000eab00000)
  object space 408064K, 49% used [0x00000000c0000000,0x00000000cc5c2438,0x00000000d8e80000)
 Metaspace       used 6549K, capacity 7256K, committed 7424K, reserved 1056768K
  class space    used 625K, capacity 656K, committed 768K, reserved 1048576K
Event: 44.261 GC heap after
Heap after GC invocations=23 (full 5):
 PSYoungGen      total 206848K, used 38684K [0x00000000eab00000, 0x00000000fe800000, 0x0000000100000000)
  eden space 92160K, 0% used [0x00000000eab00000,0x00000000eab00000,0x00000000f0500000)
  from space 114688K, 33% used [0x00000000f7800000,0x00000000f9dc7078,0x00000000fe800000)
  to   space 116224K, 0% used [0x00000000f0500000,0x00000000f0500000,0x00000000f7680000)
 ParOldGen       total 408064K, used 202513K [0x00000000c0000000, 0x00000000d8e80000, 0x00000000eab00000)
  object space 408064K, 49% used [0x00000000c0000000,0x00000000cc5c4438,0x00000000d8e80000)
 Metaspace       used 6549K, capacity 7256K, committed 7424K, reserved 1056768K
  class space    used 625K, capacity 656K, committed 768K, reserved 1048576K
}
Event: 44.781 GC heap before
{Heap before GC invocations=24 (full 5):
 PSYoungGen      total 206848K, used 130844K [0x00000000eab00000, 0x00000000fe800000, 0x0000000100000000)
  eden space 92160K, 100% used [0x00000000eab00000,0x00000000f0500000,0x00000000f0500000)
  from space 114688K, 33% used [0x00000000f7800000,0x00000000f9dc7078,0x00000000fe800000)
  to   space 116224K, 0% used [0x00000000f0500000,0x00000000f0500000,0x00000000f7680000)
 ParOldGen       total 408064K, used 202513K [0x00000000c0000000, 0x00000000d8e80000, 0x00000000eab00000)
  object space 408064K, 49% used [0x00000000c0000000,0x00000000cc5c4438,0x00000000d8e80000)
 Metaspace       used 6555K, capacity 7256K, committed 7424K, reserved 1056768K
  class space    used 625K, capacity 656K, committed 768K, reserved 1048576K
Event: 44.923 GC heap after
Heap after GC invocations=24 (full 5):
 PSYoungGen      total 208384K, used 19207K [0x00000000eab00000, 0x00000000ff500000, 0x0000000100000000)
  eden space 92160K, 0% used [0x00000000eab00000,0x00000000eab00000,0x00000000f0500000)
  from space 116224K, 16% used [0x00000000f0500000,0x00000000f17c1c28,0x00000000f7680000)
  to   space 116224K, 0% used [0x00000000f8380000,0x00000000f8380000,0x00000000ff500000)
 ParOldGen       total 408064K, used 236439K [0x00000000c0000000, 0x00000000d8e80000, 0x00000000eab00000)
  object space 408064K, 57% used [0x00000000c0000000,0x00000000ce6e5ef0,0x00000000d8e80000)
 Metaspace       used 6555K, capacity 7256K, committed 7424K, reserved 1056768K
  class space    used 625K, capacity 656K, committed 768K, reserved 1048576K
}
Event: 45.225 GC heap before
{Heap before GC invocations=25 (full 5):
 PSYoungGen      total 208384K, used 111367K [0x00000000eab00000, 0x00000000ff500000, 0x0000000100000000)
  eden space 92160K, 100% used [0x00000000eab00000,0x00000000f0500000,0x00000000f0500000)
  from space 116224K, 16% used [0x00000000f0500000,0x00000000f17c1c28,0x00000000f7680000)
  to   space 116224K, 0% used [0x00000000f8380000,0x00000000f8380000,0x00000000ff500000)
 ParOldGen       total 408064K, used 236439K [0x00000000c0000000, 0x00000000d8e80000, 0x00000000eab00000)
  object space 408064K, 57% used [0x00000000c0000000,0x00000000ce6e5ef0,0x00000000d8e80000)
 Metaspace       used 6556K, capacity 7256K, committed 7424K, reserved 1056768K
  class space    used 625K, capacity 656K, committed 768K, reserved 1048576K
Event: 45.503 GC heap after
Heap after GC invocations=25 (full 5):
 PSYoungGen      total 221696K, used 14159K [0x00000000eab00000, 0x00000000ff600000, 0x0000000100000000)
  eden space 105472K, 0% used [0x00000000eab00000,0x00000000eab00000,0x00000000f1200000)
  from space 116224K, 12% used [0x00000000f8380000,0x00000000f9153cb8,0x00000000ff500000)
  to   space 116224K, 0% used [0x00000000f1200000,0x00000000f1200000,0x00000000f8380000)
 ParOldGen       total 408064K, used 252332K [0x00000000c0000000, 0x00000000d8e80000, 0x00000000eab00000)
  object space 408064K, 61% used [0x00000000c0000000,0x00000000cf66b2d0,0x00000000d8e80000)
 Metaspace       used 6556K, capacity 7256K, committed 7424K, reserved 1056768K
  class space    used 625K, capacity 656K, committed 768K, reserved 1048576K
}

