# JRE version: Java(TM) SE Runtime Environment (8.0_66-b18) (build 1.8.0_66-b18)
# Java VM: Java HotSpot(TM) 64-Bit Server VM (25.66-b18 mixed mode windows-amd64 compressed oops)
Heap:
 PSYoungGen      total 206848K, used 144557K [0x00000000eab00000, 0x0000000100000000, 0x0000000100000000)
  eden space 116736K, 46% used [0x00000000eab00000,0x00000000ee02c3e0,0x00000000f1d00000)
  from space 90112K, 99% used [0x00000000fa800000,0x00000000fffff340,0x0000000100000000)
  to   space 116224K, 0% used [0x00000000f1d00000,0x00000000f1d00000,0x00000000f8e80000)
 ParOldGen       total 250368K, used 191152K [0x00000000c0000000, 0x00000000cf480000, 0x00000000eab00000)
  object space 250368K, 76% used [0x00000000c0000000,0x00000000cbaac368,0x00000000cf480000)
 Metaspace       used 6530K, capacity 7256K, committed 7424K, reserved 1056768K
  class space    used 624K, capacity 656K, committed 768K, reserved 1048576K
GC Heap History (10 events):
Event: 26.539 GC heap before
{Heap before GC invocations=8 (full 1):
 PSYoungGen      total 145920K, used 16869K [0x00000000eab00000, 0x0000000100000000, 0x0000000100000000)
  eden space 129024K, 0% used [0x00000000eab00000,0x00000000eab00000,0x00000000f2900000)
  from space 16896K, 99% used [0x00000000f2900000,0x00000000f39796e0,0x00000000f3980000)
  to   space 55808K, 0% used [0x00000000fc980000,0x00000000fc980000,0x0000000100000000)
 ParOldGen       total 92672K, used 92272K [0x00000000c0000000, 0x00000000c5a80000, 0x00000000eab00000)
  object space 92672K, 99% used [0x00000000c0000000,0x00000000c5a1c1f8,0x00000000c5a80000)
 Metaspace       used 6514K, capacity 7256K, committed 7424K, reserved 1056768K
  class space    used 623K, capacity 656K, committed 768K, reserved 1048576K
Event: 29.629 GC heap after
Heap after GC invocations=8 (full 1):
 PSYoungGen      total 145920K, used 11669K [0x00000000eab00000, 0x0000000100000000, 0x0000000100000000)
  eden space 129024K, 0% used [0x00000000eab00000,0x00000000eab00000,0x00000000f2900000)
  from space 16896K, 69% used [0x00000000f2900000,0x00000000f3465620,0x00000000f3980000)
  to   space 55808K, 0% used [0x00000000fc980000,0x00000000fc980000,0x0000000100000000)
 ParOldGen       total 159232K, used 92547K [0x00000000c0000000, 0x00000000c9b80000, 0x00000000eab00000)
  object space 159232K, 58% used [0x00000000c0000000,0x00000000c5a60e30,0x00000000c9b80000)
 Metaspace       used 6514K, capacity 7256K, committed 7424K, reserved 1056768K
  class space    used 623K, capacity 656K, committed 768K, reserved 1048576K
}
Event: 30.011 GC heap before
{Heap before GC invocations=9 (full 1):
 PSYoungGen      total 145920K, used 140693K [0x00000000eab00000, 0x0000000100000000, 0x0000000100000000)
  eden space 129024K, 100% used [0x00000000eab00000,0x00000000f2900000,0x00000000f2900000)
  from space 16896K, 69% used [0x00000000f2900000,0x00000000f3465620,0x00000000f3980000)
  to   space 55808K, 0% used [0x00000000fc980000,0x00000000fc980000,0x0000000100000000)
 ParOldGen       total 159232K, used 92547K [0x00000000c0000000, 0x00000000c9b80000, 0x00000000eab00000)
  object space 159232K, 58% used [0x00000000c0000000,0x00000000c5a60e30,0x00000000c9b80000)
 Metaspace       used 6514K, capacity 7256K, committed 7424K, reserved 1056768K
  class space    used 623K, capacity 656K, committed 768K, reserved 1048576K
Event: 30.266 GC heap after
Heap after GC invocations=9 (full 1):
 PSYoungGen      total 235008K, used 55776K [0x00000000eab00000, 0x0000000100000000, 0x0000000100000000)
  eden space 179200K, 0% used [0x00000000eab00000,0x00000000eab00000,0x00000000f5a00000)
  from space 55808K, 99% used [0x00000000fc980000,0x00000000ffff8148,0x0000000100000000)
  to   space 84992K, 0% used [0x00000000f5a00000,0x00000000f5a00000,0x00000000fad00000)
 ParOldGen       total 159232K, used 132562K [0x00000000c0000000, 0x00000000c9b80000, 0x00000000eab00000)
  object space 159232K, 83% used [0x00000000c0000000,0x00000000c8174890,0x00000000c9b80000)
 Metaspace       used 6514K, capacity 7256K, committed 7424K, reserved 1056768K
  class space    used 623K, capacity 656K, committed 768K, reserved 1048576K
}
Event: 30.266 GC heap before
{Heap before GC invocations=10 (full 2):
 PSYoungGen      total 235008K, used 55776K [0x00000000eab00000, 0x0000000100000000, 0x0000000100000000)
  eden space 179200K, 0% used [0x00000000eab00000,0x00000000eab00000,0x00000000f5a00000)
  from space 55808K, 99% used [0x00000000fc980000,0x00000000ffff8148,0x0000000100000000)
  to   space 84992K, 0% used [0x00000000f5a00000,0x00000000f5a00000,0x00000000fad00000)
 ParOldGen       total 159232K, used 132562K [0x00000000c0000000, 0x00000000c9b80000, 0x00000000eab00000)
  object space 159232K, 83% used [0x00000000c0000000,0x00000000c8174890,0x00000000c9b80000)
 Metaspace       used 6514K, capacity 7256K, committed 7424K, reserved 1056768K
  class space    used 623K, capacity 656K, committed 768K, reserved 1048576K
Event: 31.548 GC heap after
Heap after GC invocations=10 (full 2):
 PSYoungGen      total 235008K, used 25916K [0x00000000eab00000, 0x0000000100000000, 0x0000000100000000)
  eden space 179200K, 0% used [0x00000000eab00000,0x00000000eab00000,0x00000000f5a00000)
  from space 55808K, 46% used [0x00000000fc980000,0x00000000fe2cf3c8,0x0000000100000000)
  to   space 84992K, 0% used [0x00000000f5a00000,0x00000000f5a00000,0x00000000fad00000)
 ParOldGen       total 250368K, used 159058K [0x00000000c0000000, 0x00000000cf480000, 0x00000000eab00000)
  object space 250368K, 63% used [0x00000000c0000000,0x00000000c9b54bf8,0x00000000cf480000)
 Metaspace       used 6514K, capacity 7256K, committed 7424K, reserved 1056768K
  class space    used 623K, capacity 656K, committed 768K, reserved 1048576K
}
Event: 32.856 GC heap before
{Heap before GC invocations=11 (full 2):
 PSYoungGen      total 235008K, used 205116K [0x00000000eab00000, 0x0000000100000000, 0x0000000100000000)
  eden space 179200K, 100% used [0x00000000eab00000,0x00000000f5a00000,0x00000000f5a00000)
  from space 55808K, 46% used [0x00000000fc980000,0x00000000fe2cf3c8,0x0000000100000000)
  to   space 84992K, 0% used [0x00000000f5a00000,0x00000000f5a00000,0x00000000fad00000)
 ParOldGen       total 250368K, used 159058K [0x00000000c0000000, 0x00000000cf480000, 0x00000000eab00000)
  object space 250368K, 63% used [0x00000000c0000000,0x00000000c9b54bf8,0x00000000cf480000)
 Metaspace       used 6523K, capacity 7256K, committed 7424K, reserved 1056768K
  class space    used 624K, capacity 656K, committed 768K, reserved 1048576K
Event: 33.160 GC heap after
Heap after GC invocations=11 (full 2):
 PSYoungGen      total 259072K, used 79521K [0x00000000eab00000, 0x0000000100000000, 0x0000000100000000)
  eden space 179200K, 0% used [0x00000000eab00000,0x00000000eab00000,0x00000000f5a00000)
  from space 79872K, 99% used [0x00000000f5a00000,0x00000000fa7a8728,0x00000000fa800000)
  to   space 90112K, 0% used [0x00000000fa800000,0x00000000fa800000,0x0000000100000000)
 ParOldGen       total 250368K, used 159074K [0x00000000c0000000, 0x00000000cf480000, 0x00000000eab00000)
  object space 250368K, 63% used [0x00000000c0000000,0x00000000c9b58bf8,0x00000000cf480000)
 Metaspace       used 6523K, capacity 7256K, committed 7424K, reserved 1056768K
  class space    used 624K, capacity 656K, committed 768K, reserved 1048576K
}
Event: 34.666 GC heap before
{Heap before GC invocations=12 (full 2):
 PSYoungGen      total 259072K, used 258721K [0x00000000eab00000, 0x0000000100000000, 0x0000000100000000)
  eden space 179200K, 100% used [0x00000000eab00000,0x00000000f5a00000,0x00000000f5a00000)
  from space 79872K, 99% used [0x00000000f5a00000,0x00000000fa7a8728,0x00000000fa800000)
  to   space 90112K, 0% used [0x00000000fa800000,0x00000000fa800000,0x0000000100000000)
 ParOldGen       total 250368K, used 159074K [0x00000000c0000000, 0x00000000cf480000, 0x00000000eab00000)
  object space 250368K, 63% used [0x00000000c0000000,0x00000000c9b58bf8,0x00000000cf480000)
 Metaspace       used 6527K, capacity 7256K, committed 7424K, reserved 1056768K
  class space    used 624K, capacity 656K, committed 768K, reserved 1048576K
Event: 35.266 GC heap after
Heap after GC invocations=12 (full 2):
 PSYoungGen      total 206848K, used 90108K [0x00000000eab00000, 0x0000000100000000, 0x0000000100000000)
  eden space 116736K, 0% used [0x00000000eab00000,0x00000000eab00000,0x00000000f1d00000)
  from space 90112K, 99% used [0x00000000fa800000,0x00000000fffff340,0x0000000100000000)
  to   space 116224K, 0% used [0x00000000f1d00000,0x00000000f1d00000,0x00000000f8e80000)
 ParOldGen       total 250368K, used 191152K [0x00000000c0000000, 0x00000000cf480000, 0x00000000eab00000)
  object space 250368K, 76% used [0x00000000c0000000,0x00000000cbaac368,0x00000000cf480000)
 Metaspace       used 6527K, capacity 7256K, committed 7424K, reserved 1056768K
  class space    used 624K, capacity 656K, committed 768K, reserved 1048576K
}

