# JRE version: Java(TM) SE Runtime Environment (8.0_66-b18) (build 1.8.0_66-b18)
# Java VM: Java HotSpot(TM) 64-Bit Server VM (25.66-b18 mixed mode windows-amd64 compressed oops)
Heap:
 PSYoungGen      total 232960K, used 47503K [0x00000000eab00000, 0x0000000100000000, 0x0000000100000000)
  eden space 116736K, 17% used [0x00000000eab00000,0x00000000ebe6aa38,0x00000000f1d00000)
  from space 116224K, 23% used [0x00000000f8e80000,0x00000000fa979490,0x0000000100000000)
  to   space 116224K, 0% used [0x00000000f1d00000,0x00000000f1d00000,0x00000000f8e80000)
 ParOldGen       total 374272K, used 221134K [0x00000000c0000000, 0x00000000d6d80000, 0x00000000eab00000)
  object space 374272K, 59% used [0x00000000c0000000,0x00000000cd7f38d8,0x00000000d6d80000)
 Metaspace       used 6987K, capacity 7672K, committed 7936K, reserved 1056768K
  class space    used 646K, capacity 688K, committed 768K, reserved 1048576K
GC Heap History (10 events):
Event: 46.022 GC heap before
{Heap before GC invocations=24 (full 3):
 PSYoungGen      total 232960K, used 155881K [0x00000000eab00000, 0x0000000100000000, 0x0000000100000000)
  eden space 116736K, 100% used [0x00000000eab00000,0x00000000f1d00000,0x00000000f1d00000)
  from space 116224K, 33% used [0x00000000f8e80000,0x00000000fb4ba5a8,0x0000000100000000)
  to   space 116224K, 0% used [0x00000000f1d00000,0x00000000f1d00000,0x00000000f8e80000)
 ParOldGen       total 349184K, used 224773K [0x00000000c0000000, 0x00000000d5500000, 0x00000000eab00000)
  object space 349184K, 64% used [0x00000000c0000000,0x00000000cdb81468,0x00000000d5500000)
 Metaspace       used 6555K, capacity 7256K, committed 7424K, reserved 1056768K
  class space    used 624K, capacity 656K, committed 768K, reserved 1048576K
Event: 46.469 GC heap after
Heap after GC invocations=24 (full 3):
 PSYoungGen      total 232960K, used 80100K [0x00000000eab00000, 0x0000000100000000, 0x0000000100000000)
  eden space 116736K, 0% used [0x00000000eab00000,0x00000000eab00000,0x00000000f1d00000)
  from space 116224K, 68% used [0x00000000f1d00000,0x00000000f6b39260,0x00000000f8e80000)
  to   space 116224K, 0% used [0x00000000f8e80000,0x00000000f8e80000,0x0000000100000000)
 ParOldGen       total 349184K, used 224773K [0x00000000c0000000, 0x00000000d5500000, 0x00000000eab00000)
  object space 349184K, 64% used [0x00000000c0000000,0x00000000cdb81468,0x00000000d5500000)
 Metaspace       used 6555K, capacity 7256K, committed 7424K, reserved 1056768K
  class space    used 624K, capacity 656K, committed 768K, reserved 1048576K
}
Event: 48.166 GC heap before
{Heap before GC invocations=25 (full 3):
 PSYoungGen      total 232960K, used 196836K [0x00000000eab00000, 0x0000000100000000, 0x0000000100000000)
  eden space 116736K, 100% used [0x00000000eab00000,0x00000000f1d00000,0x00000000f1d00000)
  from space 116224K, 68% used [0x00000000f1d00000,0x00000000f6b39260,0x00000000f8e80000)
  to   space 116224K, 0% used [0x00000000f8e80000,0x00000000f8e80000,0x0000000100000000)
 ParOldGen       total 349184K, used 224773K [0x00000000c0000000, 0x00000000d5500000, 0x00000000eab00000)
  object space 349184K, 64% used [0x00000000c0000000,0x00000000cdb81468,0x00000000d5500000)
 Metaspace       used 6558K, capacity 7256K, committed 7424K, reserved 1056768K
  class space    used 624K, capacity 656K, committed 768K, reserved 1048576K
Event: 48.808 GC heap after
Heap after GC invocations=25 (full 3):
 PSYoungGen      total 232960K, used 65735K [0x00000000eab00000, 0x0000000100000000, 0x0000000100000000)
  eden space 116736K, 0% used [0x00000000eab00000,0x00000000eab00000,0x00000000f1d00000)
  from space 116224K, 56% used [0x00000000f8e80000,0x00000000fceb1dd0,0x0000000100000000)
  to   space 116224K, 0% used [0x00000000f1d00000,0x00000000f1d00000,0x00000000f8e80000)
 ParOldGen       total 349184K, used 260456K [0x00000000c0000000, 0x00000000d5500000, 0x00000000eab00000)
  object space 349184K, 74% used [0x00000000c0000000,0x00000000cfe5a398,0x00000000d5500000)
 Metaspace       used 6558K, capacity 7256K, committed 7424K, reserved 1056768K
  class space    used 624K, capacity 656K, committed 768K, reserved 1048576K
}
Event: 49.338 GC heap before
{Heap before GC invocations=26 (full 3):
 PSYoungGen      total 232960K, used 182471K [0x00000000eab00000, 0x0000000100000000, 0x0000000100000000)
  eden space 116736K, 100% used [0x00000000eab00000,0x00000000f1d00000,0x00000000f1d00000)
  from space 116224K, 56% used [0x00000000f8e80000,0x00000000fceb1dd0,0x0000000100000000)
  to   space 116224K, 0% used [0x00000000f1d00000,0x00000000f1d00000,0x00000000f8e80000)
 ParOldGen       total 349184K, used 260456K [0x00000000c0000000, 0x00000000d5500000, 0x00000000eab00000)
  object space 349184K, 74% used [0x00000000c0000000,0x00000000cfe5a398,0x00000000d5500000)
 Metaspace       used 6558K, capacity 7256K, committed 7424K, reserved 1056768K
  class space    used 624K, capacity 656K, committed 768K, reserved 1048576K
Event: 49.533 GC heap after
Heap after GC invocations=26 (full 3):
 PSYoungGen      total 232960K, used 64659K [0x00000000eab00000, 0x0000000100000000, 0x0000000100000000)
  eden space 116736K, 0% used [0x00000000eab00000,0x00000000eab00000,0x00000000f1d00000)
  from space 116224K, 55% used [0x00000000f1d00000,0x00000000f5c24fe0,0x00000000f8e80000)
  to   space 116224K, 0% used [0x00000000f8e80000,0x00000000f8e80000,0x0000000100000000)
 ParOldGen       total 349184K, used 324183K [0x00000000c0000000, 0x00000000d5500000, 0x00000000eab00000)
  object space 349184K, 92% used [0x00000000c0000000,0x00000000d3c95f20,0x00000000d5500000)
 Metaspace       used 6558K, capacity 7256K, committed 7424K, reserved 1056768K
  class space    used 624K, capacity 656K, committed 768K, reserved 1048576K
}
Event: 49.533 GC heap before
{Heap before GC invocations=27 (full 4):
 PSYoungGen      total 232960K, used 64659K [0x00000000eab00000, 0x0000000100000000, 0x0000000100000000)
  eden space 116736K, 0% used [0x00000000eab00000,0x00000000eab00000,0x00000000f1d00000)
  from space 116224K, 55% used [0x00000000f1d00000,0x00000000f5c24fe0,0x00000000f8e80000)
  to   space 116224K, 0% used [0x00000000f8e80000,0x00000000f8e80000,0x0000000100000000)
 ParOldGen       total 349184K, used 324183K [0x00000000c0000000, 0x00000000d5500000, 0x00000000eab00000)
  object space 349184K, 92% used [0x00000000c0000000,0x00000000d3c95f20,0x00000000d5500000)
 Metaspace       used 6558K, capacity 7256K, committed 7424K, reserved 1056768K
  class space    used 624K, capacity 656K, committed 768K, reserved 1048576K
Event: 51.232 GC heap after
Heap after GC invocations=27 (full 4):
 PSYoungGen      total 232960K, used 0K [0x00000000eab00000, 0x0000000100000000, 0x0000000100000000)
  eden space 116736K, 0% used [0x00000000eab00000,0x00000000eab00000,0x00000000f1d00000)
  from space 116224K, 0% used [0x00000000f1d00000,0x00000000f1d00000,0x00000000f8e80000)
  to   space 116224K, 0% used [0x00000000f8e80000,0x00000000f8e80000,0x0000000100000000)
 ParOldGen       total 374272K, used 221126K [0x00000000c0000000, 0x00000000d6d80000, 0x00000000eab00000)
  object space 374272K, 59% used [0x00000000c0000000,0x00000000cd7f18d8,0x00000000d6d80000)
 Metaspace       used 6558K, capacity 7256K, committed 7424K, reserved 1056768K
  class space    used 624K, capacity 656K, committed 768K, reserved 1048576K
}
Event: 53.570 GC heap before
{Heap before GC invocations=28 (full 4):
 PSYoungGen      total 232960K, used 116556K [0x00000000eab00000, 0x0000000100000000, 0x0000000100000000)
  eden space 116736K, 99% used [0x00000000eab00000,0x00000000f1cd3300,0x00000000f1d00000)
  from space 116224K, 0% used [0x00000000f1d00000,0x00000000f1d00000,0x00000000f8e80000)
  to   space 116224K, 0% used [0x00000000f8e80000,0x00000000f8e80000,0x0000000100000000)
 ParOldGen       total 374272K, used 221126K [0x00000000c0000000, 0x00000000d6d80000, 0x00000000eab00000)
  object space 374272K, 59% used [0x00000000c0000000,0x00000000cd7f18d8,0x00000000d6d80000)
 Metaspace       used 6878K, capacity 7544K, committed 7680K, reserved 1056768K
  class space    used 643K, capacity 688K, committed 768K, reserved 1048576K
Event: 53.648 GC heap after
Heap after GC invocations=28 (full 4):
 PSYoungGen      total 232960K, used 27621K [0x00000000eab00000, 0x0000000100000000, 0x0000000100000000)
  eden space 116736K, 0% used [0x00000000eab00000,0x00000000eab00000,0x00000000f1d00000)
  from space 116224K, 23% used [0x00000000f8e80000,0x00000000fa979490,0x0000000100000000)
  to   space 116224K, 0% used [0x00000000f1d00000,0x00000000f1d00000,0x00000000f8e80000)
 ParOldGen       total 374272K, used 221134K [0x00000000c0000000, 0x00000000d6d80000, 0x00000000eab00000)
  object space 374272K, 59% used [0x00000000c0000000,0x00000000cd7f38d8,0x00000000d6d80000)
 Metaspace       used 6878K, capacity 7544K, committed 7680K, reserved 1056768K
  class space    used 643K, capacity 688K, committed 768K, reserved 1048576K
}

