# JRE version: Java(TM) SE Runtime Environment (8.0_66-b18) (build 1.8.0_66-b18)
# Java VM: Java HotSpot(TM) 64-Bit Server VM (25.66-b18 mixed mode windows-amd64 compressed oops)
Heap:
 PSYoungGen      total 150528K, used 104538K [0x00000000eab00000, 0x00000000fab80000, 0x0000000100000000)
  eden space 74752K, 49% used [0x00000000eab00000,0x00000000ecf66e88,0x00000000ef400000)
  from space 75776K, 88% used [0x00000000f4800000,0x00000000f89afab8,0x00000000f9200000)
  to   space 86016K, 0% used [0x00000000ef400000,0x00000000ef400000,0x00000000f4800000)
 ParOldGen       total 235520K, used 136392K [0x00000000c0000000, 0x00000000ce600000, 0x00000000eab00000)
  object space 235520K, 57% used [0x00000000c0000000,0x00000000c8532320,0x00000000ce600000)
 Metaspace       used 6536K, capacity 7256K, committed 7424K, reserved 1056768K
  class space    used 624K, capacity 656K, committed 768K, reserved 1048576K
GC Heap History (10 events):
Event: 27.867 GC heap before
{Heap before GC invocations=8 (full 1):
 PSYoungGen      total 145920K, used 16890K [0x00000000eab00000, 0x00000000f4c00000, 0x0000000100000000)
  eden space 129024K, 0% used [0x00000000eab00000,0x00000000eab00000,0x00000000f2900000)
  from space 16896K, 99% used [0x00000000f2900000,0x00000000f397ead8,0x00000000f3980000)
  to   space 14848K, 0% used [0x00000000f3980000,0x00000000f3980000,0x00000000f4800000)
 ParOldGen       total 57344K, used 56986K [0x00000000c0000000, 0x00000000c3800000, 0x00000000eab00000)
  object space 57344K, 99% used [0x00000000c0000000,0x00000000c37a6948,0x00000000c3800000)
 Metaspace       used 6525K, capacity 7256K, committed 7424K, reserved 1056768K
  class space    used 623K, capacity 656K, committed 768K, reserved 1048576K
Event: 31.414 GC heap after
Heap after GC invocations=8 (full 1):
 PSYoungGen      total 145920K, used 13239K [0x00000000eab00000, 0x00000000f4c00000, 0x0000000100000000)
  eden space 129024K, 0% used [0x00000000eab00000,0x00000000eab00000,0x00000000f2900000)
  from space 16896K, 78% used [0x00000000f2900000,0x00000000f35edfd0,0x00000000f3980000)
  to   space 14848K, 0% used [0x00000000f3980000,0x00000000f3980000,0x00000000f4800000)
 ParOldGen       total 108032K, used 57121K [0x00000000c0000000, 0x00000000c6980000, 0x00000000eab00000)
  object space 108032K, 52% used [0x00000000c0000000,0x00000000c37c8598,0x00000000c6980000)
 Metaspace       used 6525K, capacity 7256K, committed 7424K, reserved 1056768K
  class space    used 623K, capacity 656K, committed 768K, reserved 1048576K
}
Event: 31.586 GC heap before
{Heap before GC invocations=9 (full 1):
 PSYoungGen      total 145920K, used 142263K [0x00000000eab00000, 0x00000000f4c00000, 0x0000000100000000)
  eden space 129024K, 100% used [0x00000000eab00000,0x00000000f2900000,0x00000000f2900000)
  from space 16896K, 78% used [0x00000000f2900000,0x00000000f35edfd0,0x00000000f3980000)
  to   space 14848K, 0% used [0x00000000f3980000,0x00000000f3980000,0x00000000f4800000)
 ParOldGen       total 108032K, used 57121K [0x00000000c0000000, 0x00000000c6980000, 0x00000000eab00000)
  object space 108032K, 52% used [0x00000000c0000000,0x00000000c37c8598,0x00000000c6980000)
 Metaspace       used 6526K, capacity 7256K, committed 7424K, reserved 1056768K
  class space    used 623K, capacity 656K, committed 768K, reserved 1048576K
Event: 31.727 GC heap after
Heap after GC invocations=9 (full 1):
 PSYoungGen      total 91136K, used 14836K [0x00000000eab00000, 0x00000000fe680000, 0x0000000100000000)
  eden space 76288K, 0% used [0x00000000eab00000,0x00000000eab00000,0x00000000ef580000)
  from space 14848K, 99% used [0x00000000f3980000,0x00000000f47fd250,0x00000000f4800000)
  to   space 69632K, 0% used [0x00000000ef580000,0x00000000ef580000,0x00000000f3980000)
 ParOldGen       total 135168K, used 134440K [0x00000000c0000000, 0x00000000c8400000, 0x00000000eab00000)
  object space 135168K, 99% used [0x00000000c0000000,0x00000000c834a318,0x00000000c8400000)
 Metaspace       used 6526K, capacity 7256K, committed 7424K, reserved 1056768K
  class space    used 623K, capacity 656K, committed 768K, reserved 1048576K
}
Event: 31.727 GC heap before
{Heap before GC invocations=10 (full 2):
 PSYoungGen      total 91136K, used 14836K [0x00000000eab00000, 0x00000000fe680000, 0x0000000100000000)
  eden space 76288K, 0% used [0x00000000eab00000,0x00000000eab00000,0x00000000ef580000)
  from space 14848K, 99% used [0x00000000f3980000,0x00000000f47fd250,0x00000000f4800000)
  to   space 69632K, 0% used [0x00000000ef580000,0x00000000ef580000,0x00000000f3980000)
 ParOldGen       total 135168K, used 134440K [0x00000000c0000000, 0x00000000c8400000, 0x00000000eab00000)
  object space 135168K, 99% used [0x00000000c0000000,0x00000000c834a318,0x00000000c8400000)
 Metaspace       used 6526K, capacity 7256K, committed 7424K, reserved 1056768K
  class space    used 623K, capacity 656K, committed 768K, reserved 1048576K
Event: 32.870 GC heap after
Heap after GC invocations=10 (full 2):
 PSYoungGen      total 91136K, used 7631K [0x00000000eab00000, 0x00000000fe680000, 0x0000000100000000)
  eden space 76288K, 0% used [0x00000000eab00000,0x00000000eab00000,0x00000000ef580000)
  from space 14848K, 51% used [0x00000000f3980000,0x00000000f40f3ce8,0x00000000f4800000)
  to   space 69632K, 0% used [0x00000000ef580000,0x00000000ef580000,0x00000000f3980000)
 ParOldGen       total 235520K, used 134824K [0x00000000c0000000, 0x00000000ce600000, 0x00000000eab00000)
  object space 235520K, 57% used [0x00000000c0000000,0x00000000c83aa320,0x00000000ce600000)
 Metaspace       used 6526K, capacity 7256K, committed 7424K, reserved 1056768K
  class space    used 623K, capacity 656K, committed 768K, reserved 1048576K
}
Event: 33.042 GC heap before
{Heap before GC invocations=11 (full 2):
 PSYoungGen      total 91136K, used 83919K [0x00000000eab00000, 0x00000000fe680000, 0x0000000100000000)
  eden space 76288K, 100% used [0x00000000eab00000,0x00000000ef580000,0x00000000ef580000)
  from space 14848K, 51% used [0x00000000f3980000,0x00000000f40f3ce8,0x00000000f4800000)
  to   space 69632K, 0% used [0x00000000ef580000,0x00000000ef580000,0x00000000f3980000)
 ParOldGen       total 235520K, used 134824K [0x00000000c0000000, 0x00000000ce600000, 0x00000000eab00000)
  object space 235520K, 57% used [0x00000000c0000000,0x00000000c83aa320,0x00000000ce600000)
 Metaspace       used 6530K, capacity 7256K, committed 7424K, reserved 1056768K
  class space    used 624K, capacity 656K, committed 768K, reserved 1048576K
Event: 33.276 GC heap after
Heap after GC invocations=11 (full 2):
 PSYoungGen      total 145920K, used 50995K [0x00000000eab00000, 0x00000000f9200000, 0x0000000100000000)
  eden space 76288K, 0% used [0x00000000eab00000,0x00000000eab00000,0x00000000ef580000)
  from space 69632K, 73% used [0x00000000ef580000,0x00000000f274cdb8,0x00000000f3980000)
  to   space 75776K, 0% used [0x00000000f4800000,0x00000000f4800000,0x00000000f9200000)
 ParOldGen       total 235520K, used 136392K [0x00000000c0000000, 0x00000000ce600000, 0x00000000eab00000)
  object space 235520K, 57% used [0x00000000c0000000,0x00000000c8532320,0x00000000ce600000)
 Metaspace       used 6530K, capacity 7256K, committed 7424K, reserved 1056768K
  class space    used 624K, capacity 656K, committed 768K, reserved 1048576K
}
Event: 33.576 GC heap before
{Heap before GC invocations=12 (full 2):
 PSYoungGen      total 145920K, used 127283K [0x00000000eab00000, 0x00000000f9200000, 0x0000000100000000)
  eden space 76288K, 100% used [0x00000000eab00000,0x00000000ef580000,0x00000000ef580000)
  from space 69632K, 73% used [0x00000000ef580000,0x00000000f274cdb8,0x00000000f3980000)
  to   space 75776K, 0% used [0x00000000f4800000,0x00000000f4800000,0x00000000f9200000)
 ParOldGen       total 235520K, used 136392K [0x00000000c0000000, 0x00000000ce600000, 0x00000000eab00000)
  object space 235520K, 57% used [0x00000000c0000000,0x00000000c8532320,0x00000000ce600000)
 Metaspace       used 6535K, capacity 7256K, committed 7424K, reserved 1056768K
  class space    used 624K, capacity 656K, committed 768K, reserved 1048576K
Event: 33.865 GC heap after
Heap after GC invocations=12 (full 2):
 PSYoungGen      total 150528K, used 67262K [0x00000000eab00000, 0x00000000fab80000, 0x0000000100000000)
  eden space 74752K, 0% used [0x00000000eab00000,0x00000000eab00000,0x00000000ef400000)
  from space 75776K, 88% used [0x00000000f4800000,0x00000000f89afab8,0x00000000f9200000)
  to   space 86016K, 0% used [0x00000000ef400000,0x00000000ef400000,0x00000000f4800000)
 ParOldGen       total 235520K, used 136392K [0x00000000c0000000, 0x00000000ce600000, 0x00000000eab00000)
  object space 235520K, 57% used [0x00000000c0000000,0x00000000c8532320,0x00000000ce600000)
 Metaspace       used 6535K, capacity 7256K, committed 7424K, reserved 1056768K
  class space    used 624K, capacity 656K, committed 768K, reserved 1048576K
}

