# JRE version: Java(TM) SE Runtime Environment (8.0_66-b18) (build 1.8.0_66-b18)
# Java VM: Java HotSpot(TM) 64-Bit Server VM (25.66-b18 mixed mode windows-amd64 compressed oops)
Heap:
 PSYoungGen      total 61952K, used 21023K [0x00000000eab00000, 0x00000000f1280000, 0x0000000100000000)
  eden space 20992K, 63% used [0x00000000eab00000,0x00000000eb804b60,0x00000000ebf80000)
  from space 40960K, 18% used [0x00000000ebf80000,0x00000000ec7032b0,0x00000000ee780000)
  to   space 40448K, 0% used [0x00000000eeb00000,0x00000000eeb00000,0x00000000f1280000)
 ParOldGen       total 107008K, used 44629K [0x00000000c0000000, 0x00000000c6880000, 0x00000000eab00000)
  object space 107008K, 41% used [0x00000000c0000000,0x00000000c2b95670,0x00000000c6880000)
 Metaspace       used 6443K, capacity 7192K, committed 7424K, reserved 1056768K
  class space    used 622K, capacity 656K, committed 768K, reserved 1048576K
GC Heap History (10 events):
Event: 17.114 GC heap before
{Heap before GC invocations=15 (full 1):
 PSYoungGen      total 44032K, used 39475K [0x00000000eab00000, 0x00000000ef980000, 0x0000000100000000)
  eden space 16896K, 100% used [0x00000000eab00000,0x00000000ebb80000,0x00000000ebb80000)
  from space 27136K, 83% used [0x00000000ebb80000,0x00000000ed18cee8,0x00000000ed600000)
  to   space 29696K, 0% used [0x00000000edc80000,0x00000000edc80000,0x00000000ef980000)
 ParOldGen       total 82944K, used 45877K [0x00000000c0000000, 0x00000000c5100000, 0x00000000eab00000)
  object space 82944K, 55% used [0x00000000c0000000,0x00000000c2ccd728,0x00000000c5100000)
 Metaspace       used 6378K, capacity 7128K, committed 7424K, reserved 1056768K
  class space    used 622K, capacity 656K, committed 768K, reserved 1048576K
Event: 17.162 GC heap after
Heap after GC invocations=15 (full 1):
 PSYoungGen      total 46592K, used 29052K [0x00000000eab00000, 0x00000000f0180000, 0x0000000100000000)
  eden space 16896K, 0% used [0x00000000eab00000,0x00000000eab00000,0x00000000ebb80000)
  from space 29696K, 97% used [0x00000000edc80000,0x00000000ef8df008,0x00000000ef980000)
  to   space 33792K, 0% used [0x00000000ebb80000,0x00000000ebb80000,0x00000000edc80000)
 ParOldGen       total 82944K, used 45877K [0x00000000c0000000, 0x00000000c5100000, 0x00000000eab00000)
  object space 82944K, 55% used [0x00000000c0000000,0x00000000c2ccd728,0x00000000c5100000)
 Metaspace       used 6378K, capacity 7128K, committed 7424K, reserved 1056768K
  class space    used 622K, capacity 656K, committed 768K, reserved 1048576K
}
Event: 17.311 GC heap before
{Heap before GC invocations=16 (full 1):
 PSYoungGen      total 46592K, used 45948K [0x00000000eab00000, 0x00000000f0180000, 0x0000000100000000)
  eden space 16896K, 100% used [0x00000000eab00000,0x00000000ebb80000,0x00000000ebb80000)
  from space 29696K, 97% used [0x00000000edc80000,0x00000000ef8df008,0x00000000ef980000)
  to   space 33792K, 0% used [0x00000000ebb80000,0x00000000ebb80000,0x00000000edc80000)
 ParOldGen       total 82944K, used 45877K [0x00000000c0000000, 0x00000000c5100000, 0x00000000eab00000)
  object space 82944K, 55% used [0x00000000c0000000,0x00000000c2ccd728,0x00000000c5100000)
 Metaspace       used 6383K, capacity 7192K, committed 7424K, reserved 1056768K
  class space    used 622K, capacity 656K, committed 768K, reserved 1048576K
Event: 17.380 GC heap after
Heap after GC invocations=16 (full 1):
 PSYoungGen      total 50688K, used 33773K [0x00000000eab00000, 0x00000000f0f80000, 0x0000000100000000)
  eden space 16896K, 0% used [0x00000000eab00000,0x00000000eab00000,0x00000000ebb80000)
  from space 33792K, 99% used [0x00000000ebb80000,0x00000000edc7b6c8,0x00000000edc80000)
  to   space 40960K, 0% used [0x00000000ee780000,0x00000000ee780000,0x00000000f0f80000)
 ParOldGen       total 82944K, used 50459K [0x00000000c0000000, 0x00000000c5100000, 0x00000000eab00000)
  object space 82944K, 60% used [0x00000000c0000000,0x00000000c3146eb0,0x00000000c5100000)
 Metaspace       used 6383K, capacity 7192K, committed 7424K, reserved 1056768K
  class space    used 622K, capacity 656K, committed 768K, reserved 1048576K
}
Event: 17.616 GC heap before
{Heap before GC invocations=17 (full 1):
 PSYoungGen      total 50688K, used 50669K [0x00000000eab00000, 0x00000000f0f80000, 0x0000000100000000)
  eden space 16896K, 100% used [0x00000000eab00000,0x00000000ebb80000,0x00000000ebb80000)
  from space 33792K, 99% used [0x00000000ebb80000,0x00000000edc7b6c8,0x00000000edc80000)
  to   space 40960K, 0% used [0x00000000ee780000,0x00000000ee780000,0x00000000f0f80000)
 ParOldGen       total 82944K, used 50459K [0x00000000c0000000, 0x00000000c5100000, 0x00000000eab00000)
  object space 82944K, 60% used [0x00000000c0000000,0x00000000c3146eb0,0x00000000c5100000)
 Metaspace       used 6387K, capacity 7192K, committed 7424K, reserved 1056768K
  class space    used 622K, capacity 656K, committed 768K, reserved 1048576K
Event: 17.736 GC heap after
Heap after GC invocations=17 (full 1):
 PSYoungGen      total 61952K, used 23424K [0x00000000eab00000, 0x00000000f0f80000, 0x0000000100000000)
  eden space 20992K, 0% used [0x00000000eab00000,0x00000000eab00000,0x00000000ebf80000)
  from space 40960K, 57% used [0x00000000ee780000,0x00000000efe60000,0x00000000f0f80000)
  to   space 40960K, 0% used [0x00000000ebf80000,0x00000000ebf80000,0x00000000ee780000)
 ParOldGen       total 82944K, used 68211K [0x00000000c0000000, 0x00000000c5100000, 0x00000000eab00000)
  object space 82944K, 82% used [0x00000000c0000000,0x00000000c429ceb0,0x00000000c5100000)
 Metaspace       used 6387K, capacity 7192K, committed 7424K, reserved 1056768K
  class space    used 622K, capacity 656K, committed 768K, reserved 1048576K
}
Event: 17.736 GC heap before
{Heap before GC invocations=18 (full 2):
 PSYoungGen      total 61952K, used 23424K [0x00000000eab00000, 0x00000000f0f80000, 0x0000000100000000)
  eden space 20992K, 0% used [0x00000000eab00000,0x00000000eab00000,0x00000000ebf80000)
  from space 40960K, 57% used [0x00000000ee780000,0x00000000efe60000,0x00000000f0f80000)
  to   space 40960K, 0% used [0x00000000ebf80000,0x00000000ebf80000,0x00000000ee780000)
 ParOldGen       total 82944K, used 68211K [0x00000000c0000000, 0x00000000c5100000, 0x00000000eab00000)
  object space 82944K, 82% used [0x00000000c0000000,0x00000000c429ceb0,0x00000000c5100000)
 Metaspace       used 6387K, capacity 7192K, committed 7424K, reserved 1056768K
  class space    used 622K, capacity 656K, committed 768K, reserved 1048576K
Event: 18.242 GC heap after
Heap after GC invocations=18 (full 2):
 PSYoungGen      total 61952K, used 0K [0x00000000eab00000, 0x00000000f0f80000, 0x0000000100000000)
  eden space 20992K, 0% used [0x00000000eab00000,0x00000000eab00000,0x00000000ebf80000)
  from space 40960K, 0% used [0x00000000ee780000,0x00000000ee780000,0x00000000f0f80000)
  to   space 40960K, 0% used [0x00000000ebf80000,0x00000000ebf80000,0x00000000ee780000)
 ParOldGen       total 107008K, used 44621K [0x00000000c0000000, 0x00000000c6880000, 0x00000000eab00000)
  object space 107008K, 41% used [0x00000000c0000000,0x00000000c2b93670,0x00000000c6880000)
 Metaspace       used 6387K, capacity 7192K, committed 7424K, reserved 1056768K
  class space    used 622K, capacity 656K, committed 768K, reserved 1048576K
}
Event: 18.947 GC heap before
{Heap before GC invocations=19 (full 2):
 PSYoungGen      total 61952K, used 20992K [0x00000000eab00000, 0x00000000f0f80000, 0x0000000100000000)
  eden space 20992K, 100% used [0x00000000eab00000,0x00000000ebf80000,0x00000000ebf80000)
  from space 40960K, 0% used [0x00000000ee780000,0x00000000ee780000,0x00000000f0f80000)
  to   space 40960K, 0% used [0x00000000ebf80000,0x00000000ebf80000,0x00000000ee780000)
 ParOldGen       total 107008K, used 44621K [0x00000000c0000000, 0x00000000c6880000, 0x00000000eab00000)
  object space 107008K, 41% used [0x00000000c0000000,0x00000000c2b93670,0x00000000c6880000)
 Metaspace       used 6404K, capacity 7192K, committed 7424K, reserved 1056768K
  class space    used 622K, capacity 656K, committed 768K, reserved 1048576K
Event: 18.958 GC heap after
Heap after GC invocations=19 (full 2):
 PSYoungGen      total 61952K, used 7692K [0x00000000eab00000, 0x00000000f1280000, 0x0000000100000000)
  eden space 20992K, 0% used [0x00000000eab00000,0x00000000eab00000,0x00000000ebf80000)
  from space 40960K, 18% used [0x00000000ebf80000,0x00000000ec7032b0,0x00000000ee780000)
  to   space 40448K, 0% used [0x00000000eeb00000,0x00000000eeb00000,0x00000000f1280000)
 ParOldGen       total 107008K, used 44629K [0x00000000c0000000, 0x00000000c6880000, 0x00000000eab00000)
  object space 107008K, 41% used [0x00000000c0000000,0x00000000c2b95670,0x00000000c6880000)
 Metaspace       used 6404K, capacity 7192K, committed 7424K, reserved 1056768K
  class space    used 622K, capacity 656K, committed 768K, reserved 1048576K
}

