# JRE version: Java(TM) SE Runtime Environment (8.0_66-b18) (build 1.8.0_66-b18)
# Java VM: Java HotSpot(TM) 64-Bit Server VM (25.66-b18 mixed mode windows-amd64 compressed oops)
Heap:
 PSYoungGen      total 145408K, used 13594K [0x00000000eab00000, 0x00000000fe180000, 0x0000000100000000)
  eden space 129024K, 1% used [0x00000000eab00000,0x00000000ead00b30,0x00000000f2900000)
  from space 16384K, 70% used [0x00000000f2900000,0x00000000f3445e90,0x00000000f3900000)
  to   space 49152K, 0% used [0x00000000fb180000,0x00000000fb180000,0x00000000fe180000)
 ParOldGen       total 213504K, used 136584K [0x00000000c0000000, 0x00000000cd080000, 0x00000000eab00000)
  object space 213504K, 63% used [0x00000000c0000000,0x00000000c8562168,0x00000000cd080000)
 Metaspace       used 6526K, capacity 7256K, committed 7424K, reserved 1056768K
  class space    used 623K, capacity 656K, committed 768K, reserved 1048576K
GC Heap History (10 events):
Event: 17.034 GC heap before
{Heap before GC invocations=6 (full 0):
 PSYoungGen      total 68096K, used 68064K [0x00000000eab00000, 0x00000000f4700000, 0x0000000100000000)
  eden space 65536K, 100% used [0x00000000eab00000,0x00000000eeb00000,0x00000000eeb00000)
  from space 2560K, 98% used [0x00000000eeb00000,0x00000000eed78038,0x00000000eed80000)
  to   space 14336K, 0% used [0x00000000f3900000,0x00000000f3900000,0x00000000f4700000)
 ParOldGen       total 44032K, used 20671K [0x00000000c0000000, 0x00000000c2b00000, 0x00000000eab00000)
  object space 44032K, 46% used [0x00000000c0000000,0x00000000c142fd78,0x00000000c2b00000)
 Metaspace       used 6508K, capacity 7256K, committed 7424K, reserved 1056768K
  class space    used 623K, capacity 656K, committed 768K, reserved 1048576K
Event: 17.458 GC heap after
Heap after GC invocations=6 (full 0):
 PSYoungGen      total 143360K, used 12114K [0x00000000eab00000, 0x00000000f4b00000, 0x0000000100000000)
  eden space 129024K, 0% used [0x00000000eab00000,0x00000000eab00000,0x00000000f2900000)
  from space 14336K, 84% used [0x00000000f3900000,0x00000000f44d4be8,0x00000000f4700000)
  to   space 16384K, 0% used [0x00000000f2900000,0x00000000f2900000,0x00000000f3900000)
 ParOldGen       total 44032K, used 20679K [0x00000000c0000000, 0x00000000c2b00000, 0x00000000eab00000)
  object space 44032K, 46% used [0x00000000c0000000,0x00000000c1431d78,0x00000000c2b00000)
 Metaspace       used 6508K, capacity 7256K, committed 7424K, reserved 1056768K
  class space    used 623K, capacity 656K, committed 768K, reserved 1048576K
}
Event: 24.302 GC heap before
{Heap before GC invocations=7 (full 0):
 PSYoungGen      total 143360K, used 141138K [0x00000000eab00000, 0x00000000f4b00000, 0x0000000100000000)
  eden space 129024K, 100% used [0x00000000eab00000,0x00000000f2900000,0x00000000f2900000)
  from space 14336K, 84% used [0x00000000f3900000,0x00000000f44d4be8,0x00000000f4700000)
  to   space 16384K, 0% used [0x00000000f2900000,0x00000000f2900000,0x00000000f3900000)
 ParOldGen       total 44032K, used 20679K [0x00000000c0000000, 0x00000000c2b00000, 0x00000000eab00000)
  object space 44032K, 46% used [0x00000000c0000000,0x00000000c1431d78,0x00000000c2b00000)
 Metaspace       used 6521K, capacity 7256K, committed 7424K, reserved 1056768K
  class space    used 623K, capacity 656K, committed 768K, reserved 1048576K
Event: 24.651 GC heap after
Heap after GC invocations=7 (full 0):
 PSYoungGen      total 143360K, used 141138K [0x00000000eab00000, 0x00000000f4b00000, 0x0000000100000000)
  eden space 129024K, 100% used [0x00000000eab00000,0x00000000f2900000,0x00000000f2900000)
  from space 14336K, 84% used [0x00000000f3900000,0x00000000f44d4be8,0x00000000f4700000)
  to   space 16384K, 99% used [0x00000000f2900000,0x00000000f38fa350,0x00000000f3900000)
 ParOldGen       total 76288K, used 76020K [0x00000000c0000000, 0x00000000c4a80000, 0x00000000eab00000)
  object space 76288K, 99% used [0x00000000c0000000,0x00000000c4a3d140,0x00000000c4a80000)
 Metaspace       used 6521K, capacity 7256K, committed 7424K, reserved 1056768K
  class space    used 623K, capacity 656K, committed 768K, reserved 1048576K
}
Event: 24.651 GC heap before
{Heap before GC invocations=8 (full 1):
 PSYoungGen      total 143360K, used 141138K [0x00000000eab00000, 0x00000000f4b00000, 0x0000000100000000)
  eden space 129024K, 100% used [0x00000000eab00000,0x00000000f2900000,0x00000000f2900000)
  from space 14336K, 84% used [0x00000000f3900000,0x00000000f44d4be8,0x00000000f4700000)
  to   space 16384K, 99% used [0x00000000f2900000,0x00000000f38fa350,0x00000000f3900000)
 ParOldGen       total 76288K, used 76020K [0x00000000c0000000, 0x00000000c4a80000, 0x00000000eab00000)
  object space 76288K, 99% used [0x00000000c0000000,0x00000000c4a3d140,0x00000000c4a80000)
 Metaspace       used 6521K, capacity 7256K, committed 7424K, reserved 1056768K
  class space    used 623K, capacity 656K, committed 768K, reserved 1048576K
Event: 26.004 GC heap after
Heap after GC invocations=8 (full 1):
 PSYoungGen      total 143360K, used 31839K [0x00000000eab00000, 0x00000000f4b00000, 0x0000000100000000)
  eden space 129024K, 24% used [0x00000000eab00000,0x00000000eca17fe0,0x00000000f2900000)
  from space 14336K, 0% used [0x00000000f3900000,0x00000000f3900000,0x00000000f4700000)
  to   space 16384K, 0% used [0x00000000f2900000,0x00000000f2900000,0x00000000f3900000)
 ParOldGen       total 108544K, used 76161K [0x00000000c0000000, 0x00000000c6a00000, 0x00000000eab00000)
  object space 108544K, 70% used [0x00000000c0000000,0x00000000c4a60770,0x00000000c6a00000)
 Metaspace       used 6521K, capacity 7256K, committed 7424K, reserved 1056768K
  class space    used 623K, capacity 656K, committed 768K, reserved 1048576K
}
Event: 26.083 GC heap before
{Heap before GC invocations=9 (full 1):
 PSYoungGen      total 143360K, used 129024K [0x00000000eab00000, 0x00000000f4b00000, 0x0000000100000000)
  eden space 129024K, 100% used [0x00000000eab00000,0x00000000f2900000,0x00000000f2900000)
  from space 14336K, 0% used [0x00000000f3900000,0x00000000f3900000,0x00000000f4700000)
  to   space 16384K, 0% used [0x00000000f2900000,0x00000000f2900000,0x00000000f3900000)
 ParOldGen       total 108544K, used 76161K [0x00000000c0000000, 0x00000000c6a00000, 0x00000000eab00000)
  object space 108544K, 70% used [0x00000000c0000000,0x00000000c4a60770,0x00000000c6a00000)
 Metaspace       used 6525K, capacity 7256K, committed 7424K, reserved 1056768K
  class space    used 623K, capacity 656K, committed 768K, reserved 1048576K
Event: 26.272 GC heap after
Heap after GC invocations=9 (full 1):
 PSYoungGen      total 145408K, used 16361K [0x00000000eab00000, 0x00000000fe180000, 0x0000000100000000)
  eden space 129024K, 0% used [0x00000000eab00000,0x00000000eab00000,0x00000000f2900000)
  from space 16384K, 99% used [0x00000000f2900000,0x00000000f38fa7e8,0x00000000f3900000)
  to   space 49152K, 0% used [0x00000000fb180000,0x00000000fb180000,0x00000000fe180000)
 ParOldGen       total 136704K, used 135197K [0x00000000c0000000, 0x00000000c8580000, 0x00000000eab00000)
  object space 136704K, 98% used [0x00000000c0000000,0x00000000c8407610,0x00000000c8580000)
 Metaspace       used 6525K, capacity 7256K, committed 7424K, reserved 1056768K
  class space    used 623K, capacity 656K, committed 768K, reserved 1048576K
}
Event: 26.272 GC heap before
{Heap before GC invocations=10 (full 2):
 PSYoungGen      total 145408K, used 16361K [0x00000000eab00000, 0x00000000fe180000, 0x0000000100000000)
  eden space 129024K, 0% used [0x00000000eab00000,0x00000000eab00000,0x00000000f2900000)
  from space 16384K, 99% used [0x00000000f2900000,0x00000000f38fa7e8,0x00000000f3900000)
  to   space 49152K, 0% used [0x00000000fb180000,0x00000000fb180000,0x00000000fe180000)
 ParOldGen       total 136704K, used 135197K [0x00000000c0000000, 0x00000000c8580000, 0x00000000eab00000)
  object space 136704K, 98% used [0x00000000c0000000,0x00000000c8407610,0x00000000c8580000)
 Metaspace       used 6525K, capacity 7256K, committed 7424K, reserved 1056768K
  class space    used 623K, capacity 656K, committed 768K, reserved 1048576K
Event: 29.974 GC heap after
Heap after GC invocations=10 (full 2):
 PSYoungGen      total 145408K, used 11543K [0x00000000eab00000, 0x00000000fe180000, 0x0000000100000000)
  eden space 129024K, 0% used [0x00000000eab00000,0x00000000eab00000,0x00000000f2900000)
  from space 16384K, 70% used [0x00000000f2900000,0x00000000f3445e90,0x00000000f3900000)
  to   space 49152K, 0% used [0x00000000fb180000,0x00000000fb180000,0x00000000fe180000)
 ParOldGen       total 213504K, used 136584K [0x00000000c0000000, 0x00000000cd080000, 0x00000000eab00000)
  object space 213504K, 63% used [0x00000000c0000000,0x00000000c8562168,0x00000000cd080000)
 Metaspace       used 6525K, capacity 7256K, committed 7424K, reserved 1056768K
  class space    used 623K, capacity 656K, committed 768K, reserved 1048576K
}

