# JRE version: Java(TM) SE Runtime Environment (8.0_66-b18) (build 1.8.0_66-b18)
# Java VM: Java HotSpot(TM) 64-Bit Server VM (25.66-b18 mixed mode windows-amd64 compressed oops)
Heap:
 PSYoungGen      total 188416K, used 100221K [0x00000000eab00000, 0x00000000fca00000, 0x0000000100000000)
  eden space 102912K, 14% used [0x00000000eab00000,0x00000000eb964470,0x00000000f0f80000)
  from space 85504K, 99% used [0x00000000f7680000,0x00000000fc9fb0c0,0x00000000fca00000)
  to   space 76800K, 0% used [0x00000000f0f80000,0x00000000f0f80000,0x00000000f5a80000)
 ParOldGen       total 289792K, used 224217K [0x00000000c0000000, 0x00000000d1b00000, 0x00000000eab00000)
  object space 289792K, 77% used [0x00000000c0000000,0x00000000cdaf6660,0x00000000d1b00000)
 Metaspace       used 6488K, capacity 7192K, committed 7424K, reserved 1056768K
  class space    used 624K, capacity 656K, committed 768K, reserved 1048576K
GC Heap History (10 events):
Event: 19.166 GC heap before
{Heap before GC invocations=14 (full 4):
 PSYoungGen      total 149504K, used 62450K [0x00000000eab00000, 0x00000000fc780000, 0x0000000100000000)
  eden space 87040K, 0% used [0x00000000eab00000,0x00000000eab00000,0x00000000f0000000)
  from space 62464K, 99% used [0x00000000f5300000,0x00000000f8ffc920,0x00000000f9000000)
  to   space 84992K, 0% used [0x00000000f0000000,0x00000000f0000000,0x00000000f5300000)
 ParOldGen       total 159744K, used 151926K [0x00000000c0000000, 0x00000000c9c00000, 0x00000000eab00000)
  object space 159744K, 95% used [0x00000000c0000000,0x00000000c945daa0,0x00000000c9c00000)
 Metaspace       used 6421K, capacity 7192K, committed 7424K, reserved 1056768K
  class space    used 624K, capacity 656K, committed 768K, reserved 1048576K
Event: 19.565 GC heap after
Heap after GC invocations=14 (full 4):
 PSYoungGen      total 149504K, used 48138K [0x00000000eab00000, 0x00000000fc780000, 0x0000000100000000)
  eden space 87040K, 0% used [0x00000000eab00000,0x00000000eab00000,0x00000000f0000000)
  from space 62464K, 77% used [0x00000000f5300000,0x00000000f8202b30,0x00000000f9000000)
  to   space 84992K, 0% used [0x00000000f0000000,0x00000000f0000000,0x00000000f5300000)
 ParOldGen       total 289792K, used 159703K [0x00000000c0000000, 0x00000000d1b00000, 0x00000000eab00000)
  object space 289792K, 55% used [0x00000000c0000000,0x00000000c9bf5dc8,0x00000000d1b00000)
 Metaspace       used 6421K, capacity 7192K, committed 7424K, reserved 1056768K
  class space    used 624K, capacity 656K, committed 768K, reserved 1048576K
}
Event: 19.853 GC heap before
{Heap before GC invocations=15 (full 4):
 PSYoungGen      total 149504K, used 135178K [0x00000000eab00000, 0x00000000fc780000, 0x0000000100000000)
  eden space 87040K, 100% used [0x00000000eab00000,0x00000000f0000000,0x00000000f0000000)
  from space 62464K, 77% used [0x00000000f5300000,0x00000000f8202b30,0x00000000f9000000)
  to   space 84992K, 0% used [0x00000000f0000000,0x00000000f0000000,0x00000000f5300000)
 ParOldGen       total 289792K, used 159703K [0x00000000c0000000, 0x00000000d1b00000, 0x00000000eab00000)
  object space 289792K, 55% used [0x00000000c0000000,0x00000000c9bf5dc8,0x00000000d1b00000)
 Metaspace       used 6427K, capacity 7192K, committed 7424K, reserved 1056768K
  class space    used 624K, capacity 656K, committed 768K, reserved 1048576K
Event: 19.976 GC heap after
Heap after GC invocations=15 (full 4):
 PSYoungGen      total 172032K, used 22385K [0x00000000eab00000, 0x00000000fad00000, 0x0000000100000000)
  eden space 87040K, 0% used [0x00000000eab00000,0x00000000eab00000,0x00000000f0000000)
  from space 84992K, 26% used [0x00000000f0000000,0x00000000f15dc530,0x00000000f5300000)
  to   space 80384K, 0% used [0x00000000f5e80000,0x00000000f5e80000,0x00000000fad00000)
 ParOldGen       total 289792K, used 208492K [0x00000000c0000000, 0x00000000d1b00000, 0x00000000eab00000)
  object space 289792K, 71% used [0x00000000c0000000,0x00000000ccb9b230,0x00000000d1b00000)
 Metaspace       used 6427K, capacity 7192K, committed 7424K, reserved 1056768K
  class space    used 624K, capacity 656K, committed 768K, reserved 1048576K
}
Event: 20.430 GC heap before
{Heap before GC invocations=16 (full 4):
 PSYoungGen      total 172032K, used 109425K [0x00000000eab00000, 0x00000000fad00000, 0x0000000100000000)
  eden space 87040K, 100% used [0x00000000eab00000,0x00000000f0000000,0x00000000f0000000)
  from space 84992K, 26% used [0x00000000f0000000,0x00000000f15dc530,0x00000000f5300000)
  to   space 80384K, 0% used [0x00000000f5e80000,0x00000000f5e80000,0x00000000fad00000)
 ParOldGen       total 289792K, used 208492K [0x00000000c0000000, 0x00000000d1b00000, 0x00000000eab00000)
  object space 289792K, 71% used [0x00000000c0000000,0x00000000ccb9b230,0x00000000d1b00000)
 Metaspace       used 6428K, capacity 7192K, committed 7424K, reserved 1056768K
  class space    used 624K, capacity 656K, committed 768K, reserved 1048576K
Event: 20.523 GC heap after
Heap after GC invocations=16 (full 4):
 PSYoungGen      total 175616K, used 32502K [0x00000000eab00000, 0x00000000fa580000, 0x0000000100000000)
  eden space 102912K, 0% used [0x00000000eab00000,0x00000000eab00000,0x00000000f0f80000)
  from space 72704K, 44% used [0x00000000f5e80000,0x00000000f7e3da58,0x00000000fa580000)
  to   space 76800K, 0% used [0x00000000f0f80000,0x00000000f0f80000,0x00000000f5a80000)
 ParOldGen       total 289792K, used 208492K [0x00000000c0000000, 0x00000000d1b00000, 0x00000000eab00000)
  object space 289792K, 71% used [0x00000000c0000000,0x00000000ccb9b230,0x00000000d1b00000)
 Metaspace       used 6428K, capacity 7192K, committed 7424K, reserved 1056768K
  class space    used 624K, capacity 656K, committed 768K, reserved 1048576K
}
Event: 21.023 GC heap before
{Heap before GC invocations=17 (full 4):
 PSYoungGen      total 175616K, used 135414K [0x00000000eab00000, 0x00000000fa580000, 0x0000000100000000)
  eden space 102912K, 100% used [0x00000000eab00000,0x00000000f0f80000,0x00000000f0f80000)
  from space 72704K, 44% used [0x00000000f5e80000,0x00000000f7e3da58,0x00000000fa580000)
  to   space 76800K, 0% used [0x00000000f0f80000,0x00000000f0f80000,0x00000000f5a80000)
 ParOldGen       total 289792K, used 208492K [0x00000000c0000000, 0x00000000d1b00000, 0x00000000eab00000)
  object space 289792K, 71% used [0x00000000c0000000,0x00000000ccb9b230,0x00000000d1b00000)
 Metaspace       used 6428K, capacity 7192K, committed 7424K, reserved 1056768K
  class space    used 624K, capacity 656K, committed 768K, reserved 1048576K
Event: 21.169 GC heap after
Heap after GC invocations=17 (full 4):
 PSYoungGen      total 179712K, used 65433K [0x00000000eab00000, 0x00000000fca00000, 0x0000000100000000)
  eden space 102912K, 0% used [0x00000000eab00000,0x00000000eab00000,0x00000000f0f80000)
  from space 76800K, 85% used [0x00000000f0f80000,0x00000000f4f664a0,0x00000000f5a80000)
  to   space 85504K, 0% used [0x00000000f7680000,0x00000000f7680000,0x00000000fca00000)
 ParOldGen       total 289792K, used 208492K [0x00000000c0000000, 0x00000000d1b00000, 0x00000000eab00000)
  object space 289792K, 71% used [0x00000000c0000000,0x00000000ccb9b230,0x00000000d1b00000)
 Metaspace       used 6428K, capacity 7192K, committed 7424K, reserved 1056768K
  class space    used 624K, capacity 656K, committed 768K, reserved 1048576K
}
Event: 22.748 GC heap before
{Heap before GC invocations=18 (full 4):
 PSYoungGen      total 179712K, used 168345K [0x00000000eab00000, 0x00000000fca00000, 0x0000000100000000)
  eden space 102912K, 100% used [0x00000000eab00000,0x00000000f0f80000,0x00000000f0f80000)
  from space 76800K, 85% used [0x00000000f0f80000,0x00000000f4f664a0,0x00000000f5a80000)
  to   space 85504K, 0% used [0x00000000f7680000,0x00000000f7680000,0x00000000fca00000)
 ParOldGen       total 289792K, used 208492K [0x00000000c0000000, 0x00000000d1b00000, 0x00000000eab00000)
  object space 289792K, 71% used [0x00000000c0000000,0x00000000ccb9b230,0x00000000d1b00000)
 Metaspace       used 6488K, capacity 7192K, committed 7424K, reserved 1056768K
  class space    used 624K, capacity 656K, committed 768K, reserved 1048576K
Event: 23.054 GC heap after
Heap after GC invocations=18 (full 4):
 PSYoungGen      total 188416K, used 85484K [0x00000000eab00000, 0x00000000fca00000, 0x0000000100000000)
  eden space 102912K, 0% used [0x00000000eab00000,0x00000000eab00000,0x00000000f0f80000)
  from space 85504K, 99% used [0x00000000f7680000,0x00000000fc9fb0c0,0x00000000fca00000)
  to   space 76800K, 0% used [0x00000000f0f80000,0x00000000f0f80000,0x00000000f5a80000)
 ParOldGen       total 289792K, used 224217K [0x00000000c0000000, 0x00000000d1b00000, 0x00000000eab00000)
  object space 289792K, 77% used [0x00000000c0000000,0x00000000cdaf6660,0x00000000d1b00000)
 Metaspace       used 6488K, capacity 7192K, committed 7424K, reserved 1056768K
  class space    used 624K, capacity 656K, committed 768K, reserved 1048576K
}

