# JRE version: Java(TM) SE Runtime Environment (8.0_66-b18) (build 1.8.0_66-b18)
# Java VM: Java HotSpot(TM) 64-Bit Server VM (25.66-b18 mixed mode windows-amd64 compressed oops)
Heap:
 PSYoungGen      total 146944K, used 74657K [0x00000000eab00000, 0x00000000fac00000, 0x0000000100000000)
  eden space 125440K, 49% used [0x00000000eab00000,0x00000000ee7783c0,0x00000000f2580000)
  from space 21504K, 59% used [0x00000000f2580000,0x00000000f31f0378,0x00000000f3a80000)
  to   space 31232K, 0% used [0x00000000f8d80000,0x00000000f8d80000,0x00000000fac00000)
 ParOldGen       total 44032K, used 44018K [0x00000000c0000000, 0x00000000c2b00000, 0x00000000eab00000)
  object space 44032K, 99% used [0x00000000c0000000,0x00000000c2afc980,0x00000000c2b00000)
 Metaspace       used 6528K, capacity 7256K, committed 7424K, reserved 1056768K
  class space    used 625K, capacity 656K, committed 768K, reserved 1048576K
GC Heap History (10 events):
Event: 12.307 GC heap before
{Heap before GC invocations=6 (full 0):
 PSYoungGen      total 35328K, used 35310K [0x00000000eab00000, 0x00000000eff00000, 0x0000000100000000)
  eden space 32768K, 100% used [0x00000000eab00000,0x00000000ecb00000,0x00000000ecb00000)
  from space 2560K, 99% used [0x00000000ecb00000,0x00000000ecd7b870,0x00000000ecd80000)
  to   space 10240K, 0% used [0x00000000ef500000,0x00000000ef500000,0x00000000eff00000)
 ParOldGen       total 44032K, used 14534K [0x00000000c0000000, 0x00000000c2b00000, 0x00000000eab00000)
  object space 44032K, 33% used [0x00000000c0000000,0x00000000c0e31818,0x00000000c2b00000)
 Metaspace       used 6242K, capacity 7088K, committed 7296K, reserved 1056768K
  class space    used 604K, capacity 616K, committed 640K, reserved 1048576K
Event: 12.558 GC heap after
Heap after GC invocations=6 (full 0):
 PSYoungGen      total 75264K, used 7948K [0x00000000eab00000, 0x00000000f0000000, 0x0000000100000000)
  eden space 65024K, 0% used [0x00000000eab00000,0x00000000eab00000,0x00000000eea80000)
  from space 10240K, 77% used [0x00000000ef500000,0x00000000efcc3338,0x00000000eff00000)
  to   space 10752K, 0% used [0x00000000eea80000,0x00000000eea80000,0x00000000ef500000)
 ParOldGen       total 44032K, used 14534K [0x00000000c0000000, 0x00000000c2b00000, 0x00000000eab00000)
  object space 44032K, 33% used [0x00000000c0000000,0x00000000c0e31818,0x00000000c2b00000)
 Metaspace       used 6242K, capacity 7088K, committed 7296K, reserved 1056768K
  class space    used 604K, capacity 616K, committed 640K, reserved 1048576K
}
Event: 15.772 GC heap before
{Heap before GC invocations=7 (full 0):
 PSYoungGen      total 75264K, used 72972K [0x00000000eab00000, 0x00000000f0000000, 0x0000000100000000)
  eden space 65024K, 100% used [0x00000000eab00000,0x00000000eea80000,0x00000000eea80000)
  from space 10240K, 77% used [0x00000000ef500000,0x00000000efcc3338,0x00000000eff00000)
  to   space 10752K, 0% used [0x00000000eea80000,0x00000000eea80000,0x00000000ef500000)
 ParOldGen       total 44032K, used 14534K [0x00000000c0000000, 0x00000000c2b00000, 0x00000000eab00000)
  object space 44032K, 33% used [0x00000000c0000000,0x00000000c0e31818,0x00000000c2b00000)
 Metaspace       used 6350K, capacity 7152K, committed 7296K, reserved 1056768K
  class space    used 604K, capacity 616K, committed 640K, reserved 1048576K
Event: 15.921 GC heap after
Heap after GC invocations=7 (full 0):
 PSYoungGen      total 75776K, used 10750K [0x00000000eab00000, 0x00000000f4b00000, 0x0000000100000000)
  eden space 65024K, 0% used [0x00000000eab00000,0x00000000eab00000,0x00000000eea80000)
  from space 10752K, 99% used [0x00000000eea80000,0x00000000ef4ff808,0x00000000ef500000)
  to   space 16896K, 0% used [0x00000000f3a80000,0x00000000f3a80000,0x00000000f4b00000)
 ParOldGen       total 44032K, used 22245K [0x00000000c0000000, 0x00000000c2b00000, 0x00000000eab00000)
  object space 44032K, 50% used [0x00000000c0000000,0x00000000c15b9598,0x00000000c2b00000)
 Metaspace       used 6350K, capacity 7152K, committed 7296K, reserved 1056768K
  class space    used 604K, capacity 616K, committed 640K, reserved 1048576K
}
Event: 18.738 GC heap before
{Heap before GC invocations=8 (full 0):
 PSYoungGen      total 75776K, used 75774K [0x00000000eab00000, 0x00000000f4b00000, 0x0000000100000000)
  eden space 65024K, 100% used [0x00000000eab00000,0x00000000eea80000,0x00000000eea80000)
  from space 10752K, 99% used [0x00000000eea80000,0x00000000ef4ff808,0x00000000ef500000)
  to   space 16896K, 0% used [0x00000000f3a80000,0x00000000f3a80000,0x00000000f4b00000)
 ParOldGen       total 44032K, used 22245K [0x00000000c0000000, 0x00000000c2b00000, 0x00000000eab00000)
  object space 44032K, 50% used [0x00000000c0000000,0x00000000c15b9598,0x00000000c2b00000)
 Metaspace       used 6386K, capacity 7152K, committed 7296K, reserved 1056768K
  class space    used 605K, capacity 616K, committed 640K, reserved 1048576K
Event: 19.210 GC heap after
Heap after GC invocations=8 (full 0):
 PSYoungGen      total 142336K, used 16869K [0x00000000eab00000, 0x00000000f5400000, 0x0000000100000000)
  eden space 125440K, 0% used [0x00000000eab00000,0x00000000eab00000,0x00000000f2580000)
  from space 16896K, 99% used [0x00000000f3a80000,0x00000000f4af95d0,0x00000000f4b00000)
  to   space 21504K, 0% used [0x00000000f2580000,0x00000000f2580000,0x00000000f3a80000)
 ParOldGen       total 44032K, used 26964K [0x00000000c0000000, 0x00000000c2b00000, 0x00000000eab00000)
  object space 44032K, 61% used [0x00000000c0000000,0x00000000c1a55288,0x00000000c2b00000)
 Metaspace       used 6386K, capacity 7152K, committed 7296K, reserved 1056768K
  class space    used 605K, capacity 616K, committed 640K, reserved 1048576K
}
Event: 22.655 GC heap before
{Heap before GC invocations=9 (full 0):
 PSYoungGen      total 142336K, used 142309K [0x00000000eab00000, 0x00000000f5400000, 0x0000000100000000)
  eden space 125440K, 100% used [0x00000000eab00000,0x00000000f2580000,0x00000000f2580000)
  from space 16896K, 99% used [0x00000000f3a80000,0x00000000f4af95d0,0x00000000f4b00000)
  to   space 21504K, 0% used [0x00000000f2580000,0x00000000f2580000,0x00000000f3a80000)
 ParOldGen       total 44032K, used 26964K [0x00000000c0000000, 0x00000000c2b00000, 0x00000000eab00000)
  object space 44032K, 61% used [0x00000000c0000000,0x00000000c1a55288,0x00000000c2b00000)
 Metaspace       used 6518K, capacity 7256K, committed 7424K, reserved 1056768K
  class space    used 625K, capacity 656K, committed 768K, reserved 1048576K
Event: 22.771 GC heap after
Heap after GC invocations=9 (full 0):
 PSYoungGen      total 146944K, used 21482K [0x00000000eab00000, 0x00000000fac00000, 0x0000000100000000)
  eden space 125440K, 0% used [0x00000000eab00000,0x00000000eab00000,0x00000000f2580000)
  from space 21504K, 99% used [0x00000000f2580000,0x00000000f3a7aaa0,0x00000000f3a80000)
  to   space 31232K, 0% used [0x00000000f8d80000,0x00000000f8d80000,0x00000000fac00000)
 ParOldGen       total 44032K, used 41696K [0x00000000c0000000, 0x00000000c2b00000, 0x00000000eab00000)
  object space 44032K, 94% used [0x00000000c0000000,0x00000000c28b8080,0x00000000c2b00000)
 Metaspace       used 6518K, capacity 7256K, committed 7424K, reserved 1056768K
  class space    used 625K, capacity 656K, committed 768K, reserved 1048576K
}
Event: 22.771 GC heap before
{Heap before GC invocations=10 (full 1):
 PSYoungGen      total 146944K, used 21482K [0x00000000eab00000, 0x00000000fac00000, 0x0000000100000000)
  eden space 125440K, 0% used [0x00000000eab00000,0x00000000eab00000,0x00000000f2580000)
  from space 21504K, 99% used [0x00000000f2580000,0x00000000f3a7aaa0,0x00000000f3a80000)
  to   space 31232K, 0% used [0x00000000f8d80000,0x00000000f8d80000,0x00000000fac00000)
 ParOldGen       total 44032K, used 41696K [0x00000000c0000000, 0x00000000c2b00000, 0x00000000eab00000)
  object space 44032K, 94% used [0x00000000c0000000,0x00000000c28b8080,0x00000000c2b00000)
 Metaspace       used 6518K, capacity 7256K, committed 7424K, reserved 1056768K
  class space    used 625K, capacity 656K, committed 768K, reserved 1048576K
Event: 24.119 GC heap after
Heap after GC invocations=10 (full 1):
 PSYoungGen      total 146944K, used 12736K [0x00000000eab00000, 0x00000000fac00000, 0x0000000100000000)
  eden space 125440K, 0% used [0x00000000eab00000,0x00000000eab00000,0x00000000f2580000)
  from space 21504K, 59% used [0x00000000f2580000,0x00000000f31f0378,0x00000000f3a80000)
  to   space 31232K, 0% used [0x00000000f8d80000,0x00000000f8d80000,0x00000000fac00000)
 ParOldGen       total 44032K, used 44018K [0x00000000c0000000, 0x00000000c2b00000, 0x00000000eab00000)
  object space 44032K, 99% used [0x00000000c0000000,0x00000000c2afc980,0x00000000c2b00000)
 Metaspace       used 6518K, capacity 7256K, committed 7424K, reserved 1056768K
  class space    used 625K, capacity 656K, committed 768K, reserved 1048576K
}

