# JRE version: Java(TM) SE Runtime Environment (8.0_66-b18) (build 1.8.0_66-b18)
# Java VM: Java HotSpot(TM) 64-Bit Server VM (25.66-b18 mixed mode windows-amd64 compressed oops)
Heap:
 PSYoungGen      total 228864K, used 27770K [0x00000000eab00000, 0x0000000100000000, 0x0000000100000000)
  eden space 132096K, 21% used [0x00000000eab00000,0x00000000ec61eba0,0x00000000f2c00000)
  from space 96768K, 0% used [0x00000000fa180000,0x00000000fa180000,0x0000000100000000)
  to   space 108544K, 0% used [0x00000000f2c00000,0x00000000f2c00000,0x00000000f9600000)
 ParOldGen       total 202752K, used 90597K [0x00000000c0000000, 0x00000000cc600000, 0x00000000eab00000)
  object space 202752K, 44% used [0x00000000c0000000,0x00000000c58796c0,0x00000000cc600000)
 Metaspace       used 6540K, capacity 7256K, committed 7424K, reserved 1056768K
  class space    used 624K, capacity 656K, committed 768K, reserved 1048576K
GC Heap History (10 events):
Event: 27.729 GC heap before
{Heap before GC invocations=10 (full 2):
 PSYoungGen      total 145408K, used 16887K [0x00000000eab00000, 0x00000000fde80000, 0x0000000100000000)
  eden space 128512K, 0% used [0x00000000eab00000,0x00000000eab00000,0x00000000f2880000)
  from space 16896K, 99% used [0x00000000f2880000,0x00000000f38fdc00,0x00000000f3900000)
  to   space 58368K, 0% used [0x00000000fa580000,0x00000000fa580000,0x00000000fde80000)
 ParOldGen       total 145920K, used 145480K [0x00000000c0000000, 0x00000000c8e80000, 0x00000000eab00000)
  object space 145920K, 99% used [0x00000000c0000000,0x00000000c8e121d0,0x00000000c8e80000)
 Metaspace       used 6524K, capacity 7256K, committed 7424K, reserved 1056768K
  class space    used 623K, capacity 656K, committed 768K, reserved 1048576K
Event: 28.854 GC heap after
Heap after GC invocations=10 (full 2):
 PSYoungGen      total 145408K, used 9823K [0x00000000eab00000, 0x00000000fde80000, 0x0000000100000000)
  eden space 128512K, 0% used [0x00000000eab00000,0x00000000eab00000,0x00000000f2880000)
  from space 16896K, 58% used [0x00000000f2880000,0x00000000f3217d58,0x00000000f3900000)
  to   space 58368K, 0% used [0x00000000fa580000,0x00000000fa580000,0x00000000fde80000)
 ParOldGen       total 234496K, used 145653K [0x00000000c0000000, 0x00000000ce500000, 0x00000000eab00000)
  object space 234496K, 62% used [0x00000000c0000000,0x00000000c8e3d5c0,0x00000000ce500000)
 Metaspace       used 6524K, capacity 7256K, committed 7424K, reserved 1056768K
  class space    used 623K, capacity 656K, committed 768K, reserved 1048576K
}
Event: 28.981 GC heap before
{Heap before GC invocations=11 (full 2):
 PSYoungGen      total 145408K, used 138335K [0x00000000eab00000, 0x00000000fde80000, 0x0000000100000000)
  eden space 128512K, 100% used [0x00000000eab00000,0x00000000f2880000,0x00000000f2880000)
  from space 16896K, 58% used [0x00000000f2880000,0x00000000f3217d58,0x00000000f3900000)
  to   space 58368K, 0% used [0x00000000fa580000,0x00000000fa580000,0x00000000fde80000)
 ParOldGen       total 234496K, used 145653K [0x00000000c0000000, 0x00000000ce500000, 0x00000000eab00000)
  object space 234496K, 62% used [0x00000000c0000000,0x00000000c8e3d5c0,0x00000000ce500000)
 Metaspace       used 6532K, capacity 7256K, committed 7424K, reserved 1056768K
  class space    used 624K, capacity 656K, committed 768K, reserved 1048576K
Event: 29.279 GC heap after
Heap after GC invocations=11 (full 2):
 PSYoungGen      total 204800K, used 58352K [0x00000000eab00000, 0x00000000fde80000, 0x0000000100000000)
  eden space 146432K, 0% used [0x00000000eab00000,0x00000000eab00000,0x00000000f3a00000)
  from space 58368K, 99% used [0x00000000fa580000,0x00000000fde7c170,0x00000000fde80000)
  to   space 77312K, 0% used [0x00000000f4780000,0x00000000f4780000,0x00000000f9300000)
 ParOldGen       total 234496K, used 159925K [0x00000000c0000000, 0x00000000ce500000, 0x00000000eab00000)
  object space 234496K, 68% used [0x00000000c0000000,0x00000000c9c2d5c0,0x00000000ce500000)
 Metaspace       used 6532K, capacity 7256K, committed 7424K, reserved 1056768K
  class space    used 624K, capacity 656K, committed 768K, reserved 1048576K
}
Event: 30.506 GC heap before
{Heap before GC invocations=12 (full 2):
 PSYoungGen      total 204800K, used 204784K [0x00000000eab00000, 0x00000000fde80000, 0x0000000100000000)
  eden space 146432K, 100% used [0x00000000eab00000,0x00000000f3a00000,0x00000000f3a00000)
  from space 58368K, 99% used [0x00000000fa580000,0x00000000fde7c170,0x00000000fde80000)
  to   space 77312K, 0% used [0x00000000f4780000,0x00000000f4780000,0x00000000f9300000)
 ParOldGen       total 234496K, used 159925K [0x00000000c0000000, 0x00000000ce500000, 0x00000000eab00000)
  object space 234496K, 68% used [0x00000000c0000000,0x00000000c9c2d5c0,0x00000000ce500000)
 Metaspace       used 6533K, capacity 7256K, committed 7424K, reserved 1056768K
  class space    used 624K, capacity 656K, committed 768K, reserved 1048576K
Event: 30.768 GC heap after
Heap after GC invocations=12 (full 2):
 PSYoungGen      total 237568K, used 77310K [0x00000000eab00000, 0x0000000100000000, 0x0000000100000000)
  eden space 160256K, 0% used [0x00000000eab00000,0x00000000eab00000,0x00000000f4780000)
  from space 77312K, 99% used [0x00000000f4780000,0x00000000f92ff9f0,0x00000000f9300000)
  to   space 96768K, 0% used [0x00000000fa180000,0x00000000fa180000,0x0000000100000000)
 ParOldGen       total 234496K, used 171317K [0x00000000c0000000, 0x00000000ce500000, 0x00000000eab00000)
  object space 234496K, 73% used [0x00000000c0000000,0x00000000ca74d6c0,0x00000000ce500000)
 Metaspace       used 6533K, capacity 7256K, committed 7424K, reserved 1056768K
  class space    used 624K, capacity 656K, committed 768K, reserved 1048576K
}
Event: 32.018 GC heap before
{Heap before GC invocations=13 (full 2):
 PSYoungGen      total 237568K, used 237566K [0x00000000eab00000, 0x0000000100000000, 0x0000000100000000)
  eden space 160256K, 100% used [0x00000000eab00000,0x00000000f4780000,0x00000000f4780000)
  from space 77312K, 99% used [0x00000000f4780000,0x00000000f92ff9f0,0x00000000f9300000)
  to   space 96768K, 0% used [0x00000000fa180000,0x00000000fa180000,0x0000000100000000)
 ParOldGen       total 234496K, used 171317K [0x00000000c0000000, 0x00000000ce500000, 0x00000000eab00000)
  object space 234496K, 73% used [0x00000000c0000000,0x00000000ca74d6c0,0x00000000ce500000)
 Metaspace       used 6535K, capacity 7256K, committed 7424K, reserved 1056768K
  class space    used 624K, capacity 656K, committed 768K, reserved 1048576K
Event: 32.288 GC heap after
Heap after GC invocations=13 (full 2):
 PSYoungGen      total 228864K, used 80744K [0x00000000eab00000, 0x0000000100000000, 0x0000000100000000)
  eden space 132096K, 0% used [0x00000000eab00000,0x00000000eab00000,0x00000000f2c00000)
  from space 96768K, 83% used [0x00000000fa180000,0x00000000ff05a1c8,0x0000000100000000)
  to   space 108544K, 0% used [0x00000000f2c00000,0x00000000f2c00000,0x00000000f9600000)
 ParOldGen       total 234496K, used 219928K [0x00000000c0000000, 0x00000000ce500000, 0x00000000eab00000)
  object space 234496K, 93% used [0x00000000c0000000,0x00000000cd6c62c8,0x00000000ce500000)
 Metaspace       used 6535K, capacity 7256K, committed 7424K, reserved 1056768K
  class space    used 624K, capacity 656K, committed 768K, reserved 1048576K
}
Event: 32.288 GC heap before
{Heap before GC invocations=14 (full 3):
 PSYoungGen      total 228864K, used 80744K [0x00000000eab00000, 0x0000000100000000, 0x0000000100000000)
  eden space 132096K, 0% used [0x00000000eab00000,0x00000000eab00000,0x00000000f2c00000)
  from space 96768K, 83% used [0x00000000fa180000,0x00000000ff05a1c8,0x0000000100000000)
  to   space 108544K, 0% used [0x00000000f2c00000,0x00000000f2c00000,0x00000000f9600000)
 ParOldGen       total 234496K, used 219928K [0x00000000c0000000, 0x00000000ce500000, 0x00000000eab00000)
  object space 234496K, 93% used [0x00000000c0000000,0x00000000cd6c62c8,0x00000000ce500000)
 Metaspace       used 6535K, capacity 7256K, committed 7424K, reserved 1056768K
  class space    used 624K, capacity 656K, committed 768K, reserved 1048576K
Event: 34.069 GC heap after
Heap after GC invocations=14 (full 3):
 PSYoungGen      total 228864K, used 0K [0x00000000eab00000, 0x0000000100000000, 0x0000000100000000)
  eden space 132096K, 0% used [0x00000000eab00000,0x00000000eab00000,0x00000000f2c00000)
  from space 96768K, 0% used [0x00000000fa180000,0x00000000fa180000,0x0000000100000000)
  to   space 108544K, 0% used [0x00000000f2c00000,0x00000000f2c00000,0x00000000f9600000)
 ParOldGen       total 202752K, used 90597K [0x00000000c0000000, 0x00000000cc600000, 0x00000000eab00000)
  object space 202752K, 44% used [0x00000000c0000000,0x00000000c58796c0,0x00000000cc600000)
 Metaspace       used 6535K, capacity 7256K, committed 7424K, reserved 1056768K
  class space    used 624K, capacity 656K, committed 768K, reserved 1048576K
}

