# JRE version: Java(TM) SE Runtime Environment (8.0_66-b18) (build 1.8.0_66-b18)
# Java VM: Java HotSpot(TM) 64-Bit Server VM (25.66-b18 mixed mode windows-amd64 compressed oops)
Heap:
 PSYoungGen      total 221696K, used 111773K [0x00000000eab00000, 0x0000000100000000, 0x0000000100000000)
  eden space 105472K, 90% used [0x00000000eab00000,0x00000000f0875168,0x00000000f1200000)
  from space 116224K, 13% used [0x00000000f1200000,0x00000000f21b2478,0x00000000f8380000)
  to   space 116224K, 0% used [0x00000000f8e80000,0x00000000f8e80000,0x0000000100000000)
 ParOldGen       total 378368K, used 263401K [0x00000000c0000000, 0x00000000d7180000, 0x00000000eab00000)
  object space 378368K, 69% used [0x00000000c0000000,0x00000000d013a4d0,0x00000000d7180000)
 Metaspace       used 6558K, capacity 7256K, committed 7424K, reserved 1056768K
  class space    used 624K, capacity 656K, committed 768K, reserved 1048576K
GC Heap History (10 events):
Event: 37.391 GC heap before
{Heap before GC invocations=20 (full 4):
 PSYoungGen      total 194560K, used 172505K [0x00000000eab00000, 0x00000000fe800000, 0x0000000100000000)
  eden space 78336K, 100% used [0x00000000eab00000,0x00000000ef780000,0x00000000ef780000)
  from space 116224K, 81% used [0x00000000ef780000,0x00000000f5376710,0x00000000f6900000)
  to   space 116224K, 0% used [0x00000000f7680000,0x00000000f7680000,0x00000000fe800000)
 ParOldGen       total 281600K, used 221600K [0x00000000c0000000, 0x00000000d1300000, 0x00000000eab00000)
  object space 281600K, 78% used [0x00000000c0000000,0x00000000cd8683b8,0x00000000d1300000)
 Metaspace       used 6558K, capacity 7256K, committed 7424K, reserved 1056768K
  class space    used 624K, capacity 656K, committed 768K, reserved 1048576K
Event: 38.310 GC heap after
Heap after GC invocations=20 (full 4):
 PSYoungGen      total 208384K, used 82094K [0x00000000eab00000, 0x00000000fee00000, 0x0000000100000000)
  eden space 92160K, 0% used [0x00000000eab00000,0x00000000eab00000,0x00000000f0500000)
  from space 116224K, 70% used [0x00000000f7680000,0x00000000fc6ab9d8,0x00000000fe800000)
  to   space 116224K, 0% used [0x00000000f0500000,0x00000000f0500000,0x00000000f7680000)
 ParOldGen       total 281600K, used 272548K [0x00000000c0000000, 0x00000000d1300000, 0x00000000eab00000)
  object space 281600K, 96% used [0x00000000c0000000,0x00000000d0a29210,0x00000000d1300000)
 Metaspace       used 6558K, capacity 7256K, committed 7424K, reserved 1056768K
  class space    used 624K, capacity 656K, committed 768K, reserved 1048576K
}
Event: 38.310 GC heap before
{Heap before GC invocations=21 (full 5):
 PSYoungGen      total 208384K, used 82094K [0x00000000eab00000, 0x00000000fee00000, 0x0000000100000000)
  eden space 92160K, 0% used [0x00000000eab00000,0x00000000eab00000,0x00000000f0500000)
  from space 116224K, 70% used [0x00000000f7680000,0x00000000fc6ab9d8,0x00000000fe800000)
  to   space 116224K, 0% used [0x00000000f0500000,0x00000000f0500000,0x00000000f7680000)
 ParOldGen       total 281600K, used 272548K [0x00000000c0000000, 0x00000000d1300000, 0x00000000eab00000)
  object space 281600K, 96% used [0x00000000c0000000,0x00000000d0a29210,0x00000000d1300000)
 Metaspace       used 6558K, capacity 7256K, committed 7424K, reserved 1056768K
  class space    used 624K, capacity 656K, committed 768K, reserved 1048576K
Event: 40.950 GC heap after
Heap after GC invocations=21 (full 5):
 PSYoungGen      total 208384K, used 0K [0x00000000eab00000, 0x00000000fee00000, 0x0000000100000000)
  eden space 92160K, 0% used [0x00000000eab00000,0x00000000eab00000,0x00000000f0500000)
  from space 116224K, 0% used [0x00000000f7680000,0x00000000f7680000,0x00000000fe800000)
  to   space 116224K, 0% used [0x00000000f0500000,0x00000000f0500000,0x00000000f7680000)
 ParOldGen       total 378368K, used 187603K [0x00000000c0000000, 0x00000000d7180000, 0x00000000eab00000)
  object space 378368K, 49% used [0x00000000c0000000,0x00000000cb734ee0,0x00000000d7180000)
 Metaspace       used 6558K, capacity 7256K, committed 7424K, reserved 1056768K
  class space    used 624K, capacity 656K, committed 768K, reserved 1048576K
}
Event: 41.006 GC heap before
{Heap before GC invocations=22 (full 5):
 PSYoungGen      total 208384K, used 92160K [0x00000000eab00000, 0x00000000fee00000, 0x0000000100000000)
  eden space 92160K, 100% used [0x00000000eab00000,0x00000000f0500000,0x00000000f0500000)
  from space 116224K, 0% used [0x00000000f7680000,0x00000000f7680000,0x00000000fe800000)
  to   space 116224K, 0% used [0x00000000f0500000,0x00000000f0500000,0x00000000f7680000)
 ParOldGen       total 378368K, used 187603K [0x00000000c0000000, 0x00000000d7180000, 0x00000000eab00000)
  object space 378368K, 49% used [0x00000000c0000000,0x00000000cb734ee0,0x00000000d7180000)
 Metaspace       used 6558K, capacity 7256K, committed 7424K, reserved 1056768K
  class space    used 624K, capacity 656K, committed 768K, reserved 1048576K
Event: 41.044 GC heap after
Heap after GC invocations=22 (full 5):
 PSYoungGen      total 208384K, used 52093K [0x00000000eab00000, 0x00000000ff500000, 0x0000000100000000)
  eden space 92160K, 0% used [0x00000000eab00000,0x00000000eab00000,0x00000000f0500000)
  from space 116224K, 44% used [0x00000000f0500000,0x00000000f37df768,0x00000000f7680000)
  to   space 116224K, 0% used [0x00000000f8380000,0x00000000f8380000,0x00000000ff500000)
 ParOldGen       total 378368K, used 187603K [0x00000000c0000000, 0x00000000d7180000, 0x00000000eab00000)
  object space 378368K, 49% used [0x00000000c0000000,0x00000000cb734ee0,0x00000000d7180000)
 Metaspace       used 6558K, capacity 7256K, committed 7424K, reserved 1056768K
  class space    used 624K, capacity 656K, committed 768K, reserved 1048576K
}
Event: 41.262 GC heap before
{Heap before GC invocations=23 (full 5):
 PSYoungGen      total 208384K, used 144253K [0x00000000eab00000, 0x00000000ff500000, 0x0000000100000000)
  eden space 92160K, 100% used [0x00000000eab00000,0x00000000f0500000,0x00000000f0500000)
  from space 116224K, 44% used [0x00000000f0500000,0x00000000f37df768,0x00000000f7680000)
  to   space 116224K, 0% used [0x00000000f8380000,0x00000000f8380000,0x00000000ff500000)
 ParOldGen       total 378368K, used 187603K [0x00000000c0000000, 0x00000000d7180000, 0x00000000eab00000)
  object space 378368K, 49% used [0x00000000c0000000,0x00000000cb734ee0,0x00000000d7180000)
 Metaspace       used 6558K, capacity 7256K, committed 7424K, reserved 1056768K
  class space    used 624K, capacity 656K, committed 768K, reserved 1048576K
Event: 41.372 GC heap after
Heap after GC invocations=23 (full 5):
 PSYoungGen      total 221696K, used 24526K [0x00000000eab00000, 0x00000000ff500000, 0x0000000100000000)
  eden space 105472K, 0% used [0x00000000eab00000,0x00000000eab00000,0x00000000f1200000)
  from space 116224K, 21% used [0x00000000f8380000,0x00000000f9b73a78,0x00000000ff500000)
  to   space 116224K, 0% used [0x00000000f1200000,0x00000000f1200000,0x00000000f8380000)
 ParOldGen       total 378368K, used 241830K [0x00000000c0000000, 0x00000000d7180000, 0x00000000eab00000)
  object space 378368K, 63% used [0x00000000c0000000,0x00000000cec29a48,0x00000000d7180000)
 Metaspace       used 6558K, capacity 7256K, committed 7424K, reserved 1056768K
  class space    used 624K, capacity 656K, committed 768K, reserved 1048576K
}
Event: 41.873 GC heap before
{Heap before GC invocations=24 (full 5):
 PSYoungGen      total 221696K, used 129998K [0x00000000eab00000, 0x00000000ff500000, 0x0000000100000000)
  eden space 105472K, 100% used [0x00000000eab00000,0x00000000f1200000,0x00000000f1200000)
  from space 116224K, 21% used [0x00000000f8380000,0x00000000f9b73a78,0x00000000ff500000)
  to   space 116224K, 0% used [0x00000000f1200000,0x00000000f1200000,0x00000000f8380000)
 ParOldGen       total 378368K, used 241830K [0x00000000c0000000, 0x00000000d7180000, 0x00000000eab00000)
  object space 378368K, 63% used [0x00000000c0000000,0x00000000cec29a48,0x00000000d7180000)
 Metaspace       used 6558K, capacity 7256K, committed 7424K, reserved 1056768K
  class space    used 624K, capacity 656K, committed 768K, reserved 1048576K
Event: 41.948 GC heap after
Heap after GC invocations=24 (full 5):
 PSYoungGen      total 221696K, used 16073K [0x00000000eab00000, 0x0000000100000000, 0x0000000100000000)
  eden space 105472K, 0% used [0x00000000eab00000,0x00000000eab00000,0x00000000f1200000)
  from space 116224K, 13% used [0x00000000f1200000,0x00000000f21b2478,0x00000000f8380000)
  to   space 116224K, 0% used [0x00000000f8e80000,0x00000000f8e80000,0x0000000100000000)
 ParOldGen       total 378368K, used 263401K [0x00000000c0000000, 0x00000000d7180000, 0x00000000eab00000)
  object space 378368K, 69% used [0x00000000c0000000,0x00000000d013a4d0,0x00000000d7180000)
 Metaspace       used 6558K, capacity 7256K, committed 7424K, reserved 1056768K
  class space    used 624K, capacity 656K, committed 768K, reserved 1048576K
}

