# JRE version: Java(TM) SE Runtime Environment (8.0_66-b18) (build 1.8.0_66-b18)
# Java VM: Java HotSpot(TM) 64-Bit Server VM (25.66-b18 mixed mode windows-amd64 compressed oops)
Heap:
 PSYoungGen      total 177152K, used 112855K [0x00000000eab00000, 0x00000000fb980000, 0x0000000100000000)
  eden space 117248K, 45% used [0x00000000eab00000,0x00000000edeb6640,0x00000000f1d80000)
  from space 59904K, 99% used [0x00000000f7080000,0x00000000faaff8e8,0x00000000fab00000)
  to   space 79872K, 0% used [0x00000000f1d80000,0x00000000f1d80000,0x00000000f6b80000)
 ParOldGen       total 225792K, used 148439K [0x00000000c0000000, 0x00000000cdc80000, 0x00000000eab00000)
  object space 225792K, 65% used [0x00000000c0000000,0x00000000c90f5c28,0x00000000cdc80000)
 Metaspace       used 6394K, capacity 7192K, committed 7424K, reserved 1056768K
  class space    used 622K, capacity 656K, committed 768K, reserved 1048576K
GC Heap History (10 events):
Event: 12.519 GC heap before
{Heap before GC invocations=9 (full 1):
 PSYoungGen      total 128000K, used 19435K [0x00000000eab00000, 0x00000000f7a00000, 0x0000000100000000)
  eden space 108544K, 0% used [0x00000000eab00000,0x00000000eab00000,0x00000000f1500000)
  from space 19456K, 99% used [0x00000000f3d00000,0x00000000f4ffae18,0x00000000f5000000)
  to   space 40960K, 0% used [0x00000000f1500000,0x00000000f1500000,0x00000000f3d00000)
 ParOldGen       total 71168K, used 71128K [0x00000000c0000000, 0x00000000c4580000, 0x00000000eab00000)
  object space 71168K, 99% used [0x00000000c0000000,0x00000000c45761e8,0x00000000c4580000)
 Metaspace       used 6385K, capacity 7192K, committed 7424K, reserved 1056768K
  class space    used 620K, capacity 656K, committed 768K, reserved 1048576K
Event: 13.530 GC heap after
Heap after GC invocations=9 (full 1):
 PSYoungGen      total 128000K, used 6588K [0x00000000eab00000, 0x00000000f7a00000, 0x0000000100000000)
  eden space 108544K, 0% used [0x00000000eab00000,0x00000000eab00000,0x00000000f1500000)
  from space 19456K, 33% used [0x00000000f3d00000,0x00000000f436f2a8,0x00000000f5000000)
  to   space 40960K, 0% used [0x00000000f1500000,0x00000000f1500000,0x00000000f3d00000)
 ParOldGen       total 123392K, used 70965K [0x00000000c0000000, 0x00000000c7880000, 0x00000000eab00000)
  object space 123392K, 57% used [0x00000000c0000000,0x00000000c454d618,0x00000000c7880000)
 Metaspace       used 6385K, capacity 7192K, committed 7424K, reserved 1056768K
  class space    used 620K, capacity 656K, committed 768K, reserved 1048576K
}
Event: 13.678 GC heap before
{Heap before GC invocations=10 (full 1):
 PSYoungGen      total 128000K, used 115132K [0x00000000eab00000, 0x00000000f7a00000, 0x0000000100000000)
  eden space 108544K, 100% used [0x00000000eab00000,0x00000000f1500000,0x00000000f1500000)
  from space 19456K, 33% used [0x00000000f3d00000,0x00000000f436f2a8,0x00000000f5000000)
  to   space 40960K, 0% used [0x00000000f1500000,0x00000000f1500000,0x00000000f3d00000)
 ParOldGen       total 123392K, used 70965K [0x00000000c0000000, 0x00000000c7880000, 0x00000000eab00000)
  object space 123392K, 57% used [0x00000000c0000000,0x00000000c454d618,0x00000000c7880000)
 Metaspace       used 6385K, capacity 7192K, committed 7424K, reserved 1056768K
  class space    used 620K, capacity 656K, committed 768K, reserved 1048576K
Event: 13.779 GC heap after
Heap after GC invocations=10 (full 1):
 PSYoungGen      total 149504K, used 40935K [0x00000000eab00000, 0x00000000fab00000, 0x0000000100000000)
  eden space 108544K, 0% used [0x00000000eab00000,0x00000000eab00000,0x00000000f1500000)
  from space 40960K, 99% used [0x00000000f1500000,0x00000000f3cf9c98,0x00000000f3d00000)
  to   space 59904K, 0% used [0x00000000f7080000,0x00000000f7080000,0x00000000fab00000)
 ParOldGen       total 123392K, used 99105K [0x00000000c0000000, 0x00000000c7880000, 0x00000000eab00000)
  object space 123392K, 80% used [0x00000000c0000000,0x00000000c60c8400,0x00000000c7880000)
 Metaspace       used 6385K, capacity 7192K, committed 7424K, reserved 1056768K
  class space    used 620K, capacity 656K, committed 768K, reserved 1048576K
}
Event: 13.780 GC heap before
{Heap before GC invocations=11 (full 2):
 PSYoungGen      total 149504K, used 40935K [0x00000000eab00000, 0x00000000fab00000, 0x0000000100000000)
  eden space 108544K, 0% used [0x00000000eab00000,0x00000000eab00000,0x00000000f1500000)
  from space 40960K, 99% used [0x00000000f1500000,0x00000000f3cf9c98,0x00000000f3d00000)
  to   space 59904K, 0% used [0x00000000f7080000,0x00000000f7080000,0x00000000fab00000)
 ParOldGen       total 123392K, used 99105K [0x00000000c0000000, 0x00000000c7880000, 0x00000000eab00000)
  object space 123392K, 80% used [0x00000000c0000000,0x00000000c60c8400,0x00000000c7880000)
 Metaspace       used 6385K, capacity 7192K, committed 7424K, reserved 1056768K
  class space    used 620K, capacity 656K, committed 768K, reserved 1048576K
Event: 14.194 GC heap after
Heap after GC invocations=11 (full 2):
 PSYoungGen      total 149504K, used 13224K [0x00000000eab00000, 0x00000000fab00000, 0x0000000100000000)
  eden space 108544K, 0% used [0x00000000eab00000,0x00000000eab00000,0x00000000f1500000)
  from space 40960K, 32% used [0x00000000f1500000,0x00000000f21ea150,0x00000000f3d00000)
  to   space 59904K, 0% used [0x00000000f7080000,0x00000000f7080000,0x00000000fab00000)
 ParOldGen       total 123392K, used 122981K [0x00000000c0000000, 0x00000000c7880000, 0x00000000eab00000)
  object space 123392K, 99% used [0x00000000c0000000,0x00000000c7819570,0x00000000c7880000)
 Metaspace       used 6385K, capacity 7192K, committed 7424K, reserved 1056768K
  class space    used 620K, capacity 656K, committed 768K, reserved 1048576K
}
Event: 14.364 GC heap before
{Heap before GC invocations=12 (full 3):
 PSYoungGen      total 149504K, used 121768K [0x00000000eab00000, 0x00000000fab00000, 0x0000000100000000)
  eden space 108544K, 100% used [0x00000000eab00000,0x00000000f1500000,0x00000000f1500000)
  from space 40960K, 32% used [0x00000000f1500000,0x00000000f21ea150,0x00000000f3d00000)
  to   space 59904K, 0% used [0x00000000f7080000,0x00000000f7080000,0x00000000fab00000)
 ParOldGen       total 123392K, used 122981K [0x00000000c0000000, 0x00000000c7880000, 0x00000000eab00000)
  object space 123392K, 99% used [0x00000000c0000000,0x00000000c7819570,0x00000000c7880000)
 Metaspace       used 6389K, capacity 7192K, committed 7424K, reserved 1056768K
  class space    used 621K, capacity 656K, committed 768K, reserved 1048576K
Event: 15.316 GC heap after
Heap after GC invocations=12 (full 3):
 PSYoungGen      total 149504K, used 62174K [0x00000000eab00000, 0x00000000fab00000, 0x0000000100000000)
  eden space 108544K, 57% used [0x00000000eab00000,0x00000000ee7b7bb8,0x00000000f1500000)
  from space 40960K, 0% used [0x00000000f1500000,0x00000000f1500000,0x00000000f3d00000)
  to   space 59904K, 0% used [0x00000000f7080000,0x00000000f7080000,0x00000000fab00000)
 ParOldGen       total 225792K, used 123135K [0x00000000c0000000, 0x00000000cdc80000, 0x00000000eab00000)
  object space 225792K, 54% used [0x00000000c0000000,0x00000000c783fc28,0x00000000cdc80000)
 Metaspace       used 6389K, capacity 7192K, committed 7424K, reserved 1056768K
  class space    used 621K, capacity 656K, committed 768K, reserved 1048576K
}
Event: 15.449 GC heap before
{Heap before GC invocations=13 (full 3):
 PSYoungGen      total 149504K, used 108544K [0x00000000eab00000, 0x00000000fab00000, 0x0000000100000000)
  eden space 108544K, 100% used [0x00000000eab00000,0x00000000f1500000,0x00000000f1500000)
  from space 40960K, 0% used [0x00000000f1500000,0x00000000f1500000,0x00000000f3d00000)
  to   space 59904K, 0% used [0x00000000f7080000,0x00000000f7080000,0x00000000fab00000)
 ParOldGen       total 225792K, used 123135K [0x00000000c0000000, 0x00000000cdc80000, 0x00000000eab00000)
  object space 225792K, 54% used [0x00000000c0000000,0x00000000c783fc28,0x00000000cdc80000)
 Metaspace       used 6393K, capacity 7192K, committed 7424K, reserved 1056768K
  class space    used 622K, capacity 656K, committed 768K, reserved 1048576K
Event: 15.578 GC heap after
Heap after GC invocations=13 (full 3):
 PSYoungGen      total 177152K, used 59902K [0x00000000eab00000, 0x00000000fb980000, 0x0000000100000000)
  eden space 117248K, 0% used [0x00000000eab00000,0x00000000eab00000,0x00000000f1d80000)
  from space 59904K, 99% used [0x00000000f7080000,0x00000000faaff8e8,0x00000000fab00000)
  to   space 79872K, 0% used [0x00000000f1d80000,0x00000000f1d80000,0x00000000f6b80000)
 ParOldGen       total 225792K, used 148439K [0x00000000c0000000, 0x00000000cdc80000, 0x00000000eab00000)
  object space 225792K, 65% used [0x00000000c0000000,0x00000000c90f5c28,0x00000000cdc80000)
 Metaspace       used 6393K, capacity 7192K, committed 7424K, reserved 1056768K
  class space    used 622K, capacity 656K, committed 768K, reserved 1048576K
}

