# JRE version: Java(TM) SE Runtime Environment (8.0_66-b18) (build 1.8.0_66-b18)
# Java VM: Java HotSpot(TM) 64-Bit Server VM (25.66-b18 mixed mode windows-amd64 compressed oops)
Heap:
 PSYoungGen      total 205312K, used 33261K [0x00000000eab00000, 0x00000000fa480000, 0x0000000100000000)
  eden space 180736K, 5% used [0x00000000eab00000,0x00000000eb3f0818,0x00000000f5b80000)
  from space 24576K, 98% used [0x00000000f8c80000,0x00000000fa40af20,0x00000000fa480000)
  to   space 32768K, 0% used [0x00000000f6480000,0x00000000f6480000,0x00000000f8480000)
 ParOldGen       total 77312K, used 50985K [0x00000000c0000000, 0x00000000c4b80000, 0x00000000eab00000)
  object space 77312K, 65% used [0x00000000c0000000,0x00000000c31ca770,0x00000000c4b80000)
 Metaspace       used 6865K, capacity 7544K, committed 7680K, reserved 1056768K
  class space    used 642K, capacity 688K, committed 768K, reserved 1048576K
GC Heap History (10 events):
Event: 13.547 GC heap before
{Heap before GC invocations=7 (full 0):
 PSYoungGen      total 74752K, used 72748K [0x00000000eab00000, 0x00000000eff00000, 0x0000000100000000)
  eden space 65024K, 100% used [0x00000000eab00000,0x00000000eea80000,0x00000000eea80000)
  from space 9728K, 79% used [0x00000000ef480000,0x00000000efc0b338,0x00000000efe00000)
  to   space 10240K, 0% used [0x00000000eea80000,0x00000000eea80000,0x00000000ef480000)
 ParOldGen       total 44032K, used 13363K [0x00000000c0000000, 0x00000000c2b00000, 0x00000000eab00000)
  object space 44032K, 30% used [0x00000000c0000000,0x00000000c0d0cc90,0x00000000c2b00000)
 Metaspace       used 6381K, capacity 7152K, committed 7296K, reserved 1056768K
  class space    used 603K, capacity 616K, committed 640K, reserved 1048576K
Event: 14.884 GC heap after
Heap after GC invocations=7 (full 0):
 PSYoungGen      total 75264K, used 10236K [0x00000000eab00000, 0x00000000f4900000, 0x0000000100000000)
  eden space 65024K, 0% used [0x00000000eab00000,0x00000000eab00000,0x00000000eea80000)
  from space 10240K, 99% used [0x00000000eea80000,0x00000000ef47f2d0,0x00000000ef480000)
  to   space 15872K, 0% used [0x00000000f3980000,0x00000000f3980000,0x00000000f4900000)
 ParOldGen       total 44032K, used 20526K [0x00000000c0000000, 0x00000000c2b00000, 0x00000000eab00000)
  object space 44032K, 46% used [0x00000000c0000000,0x00000000c140b8d8,0x00000000c2b00000)
 Metaspace       used 6381K, capacity 7152K, committed 7296K, reserved 1056768K
  class space    used 603K, capacity 616K, committed 640K, reserved 1048576K
}
Event: 18.698 GC heap before
{Heap before GC invocations=8 (full 0):
 PSYoungGen      total 75264K, used 75260K [0x00000000eab00000, 0x00000000f4900000, 0x0000000100000000)
  eden space 65024K, 100% used [0x00000000eab00000,0x00000000eea80000,0x00000000eea80000)
  from space 10240K, 99% used [0x00000000eea80000,0x00000000ef47f2d0,0x00000000ef480000)
  to   space 15872K, 0% used [0x00000000f3980000,0x00000000f3980000,0x00000000f4900000)
 ParOldGen       total 44032K, used 20526K [0x00000000c0000000, 0x00000000c2b00000, 0x00000000eab00000)
  object space 44032K, 46% used [0x00000000c0000000,0x00000000c140b8d8,0x00000000c2b00000)
 Metaspace       used 6420K, capacity 7216K, committed 7296K, reserved 1056768K
  class space    used 603K, capacity 616K, committed 640K, reserved 1048576K
Event: 20.097 GC heap after
Heap after GC invocations=8 (full 0):
 PSYoungGen      total 141312K, used 15861K [0x00000000eab00000, 0x00000000f5200000, 0x0000000100000000)
  eden space 125440K, 0% used [0x00000000eab00000,0x00000000eab00000,0x00000000f2580000)
  from space 15872K, 99% used [0x00000000f3980000,0x00000000f48fd5f0,0x00000000f4900000)
  to   space 20480K, 0% used [0x00000000f2580000,0x00000000f2580000,0x00000000f3980000)
 ParOldGen       total 44032K, used 25403K [0x00000000c0000000, 0x00000000c2b00000, 0x00000000eab00000)
  object space 44032K, 57% used [0x00000000c0000000,0x00000000c18cee08,0x00000000c2b00000)
 Metaspace       used 6420K, capacity 7216K, committed 7296K, reserved 1056768K
  class space    used 603K, capacity 616K, committed 640K, reserved 1048576K
}
Event: 23.775 GC heap before
{Heap before GC invocations=9 (full 0):
 PSYoungGen      total 141312K, used 141301K [0x00000000eab00000, 0x00000000f5200000, 0x0000000100000000)
  eden space 125440K, 100% used [0x00000000eab00000,0x00000000f2580000,0x00000000f2580000)
  from space 15872K, 99% used [0x00000000f3980000,0x00000000f48fd5f0,0x00000000f4900000)
  to   space 20480K, 0% used [0x00000000f2580000,0x00000000f2580000,0x00000000f3980000)
 ParOldGen       total 44032K, used 25403K [0x00000000c0000000, 0x00000000c2b00000, 0x00000000eab00000)
  object space 44032K, 57% used [0x00000000c0000000,0x00000000c18cee08,0x00000000c2b00000)
 Metaspace       used 6530K, capacity 7256K, committed 7424K, reserved 1056768K
  class space    used 624K, capacity 656K, committed 768K, reserved 1048576K
Event: 23.968 GC heap after
Heap after GC invocations=9 (full 0):
 PSYoungGen      total 145920K, used 20475K [0x00000000eab00000, 0x00000000faa00000, 0x0000000100000000)
  eden space 125440K, 0% used [0x00000000eab00000,0x00000000eab00000,0x00000000f2580000)
  from space 20480K, 99% used [0x00000000f2580000,0x00000000f397eec0,0x00000000f3980000)
  to   space 30208K, 0% used [0x00000000f8c80000,0x00000000f8c80000,0x00000000faa00000)
 ParOldGen       total 44032K, used 40537K [0x00000000c0000000, 0x00000000c2b00000, 0x00000000eab00000)
  object space 44032K, 92% used [0x00000000c0000000,0x00000000c2796648,0x00000000c2b00000)
 Metaspace       used 6530K, capacity 7256K, committed 7424K, reserved 1056768K
  class space    used 624K, capacity 656K, committed 768K, reserved 1048576K
}
Event: 23.968 GC heap before
{Heap before GC invocations=10 (full 1):
 PSYoungGen      total 145920K, used 20475K [0x00000000eab00000, 0x00000000faa00000, 0x0000000100000000)
  eden space 125440K, 0% used [0x00000000eab00000,0x00000000eab00000,0x00000000f2580000)
  from space 20480K, 99% used [0x00000000f2580000,0x00000000f397eec0,0x00000000f3980000)
  to   space 30208K, 0% used [0x00000000f8c80000,0x00000000f8c80000,0x00000000faa00000)
 ParOldGen       total 44032K, used 40537K [0x00000000c0000000, 0x00000000c2b00000, 0x00000000eab00000)
  object space 44032K, 92% used [0x00000000c0000000,0x00000000c2796648,0x00000000c2b00000)
 Metaspace       used 6530K, capacity 7256K, committed 7424K, reserved 1056768K
  class space    used 624K, capacity 656K, committed 768K, reserved 1048576K
Event: 25.228 GC heap after
Heap after GC invocations=10 (full 1):
 PSYoungGen      total 145920K, used 12755K [0x00000000eab00000, 0x00000000faa00000, 0x0000000100000000)
  eden space 125440K, 0% used [0x00000000eab00000,0x00000000eab00000,0x00000000f2580000)
  from space 20480K, 62% used [0x00000000f2580000,0x00000000f31f4f60,0x00000000f3980000)
  to   space 30208K, 0% used [0x00000000f8c80000,0x00000000f8c80000,0x00000000faa00000)
 ParOldGen       total 77312K, used 43785K [0x00000000c0000000, 0x00000000c4b80000, 0x00000000eab00000)
  object space 77312K, 56% used [0x00000000c0000000,0x00000000c2ac25b8,0x00000000c4b80000)
 Metaspace       used 6530K, capacity 7256K, committed 7424K, reserved 1056768K
  class space    used 624K, capacity 656K, committed 768K, reserved 1048576K
}
Event: 27.903 GC heap before
{Heap before GC invocations=11 (full 1):
 PSYoungGen      total 145920K, used 138195K [0x00000000eab00000, 0x00000000faa00000, 0x0000000100000000)
  eden space 125440K, 100% used [0x00000000eab00000,0x00000000f2580000,0x00000000f2580000)
  from space 20480K, 62% used [0x00000000f2580000,0x00000000f31f4f60,0x00000000f3980000)
  to   space 30208K, 0% used [0x00000000f8c80000,0x00000000f8c80000,0x00000000faa00000)
 ParOldGen       total 77312K, used 43785K [0x00000000c0000000, 0x00000000c4b80000, 0x00000000eab00000)
  object space 77312K, 56% used [0x00000000c0000000,0x00000000c2ac25b8,0x00000000c4b80000)
 Metaspace       used 6656K, capacity 7320K, committed 7680K, reserved 1056768K
  class space    used 630K, capacity 656K, committed 768K, reserved 1048576K
Event: 28.290 GC heap after
Heap after GC invocations=11 (full 1):
 PSYoungGen      total 205312K, used 24107K [0x00000000eab00000, 0x00000000fa480000, 0x0000000100000000)
  eden space 180736K, 0% used [0x00000000eab00000,0x00000000eab00000,0x00000000f5b80000)
  from space 24576K, 98% used [0x00000000f8c80000,0x00000000fa40af20,0x00000000fa480000)
  to   space 32768K, 0% used [0x00000000f6480000,0x00000000f6480000,0x00000000f8480000)
 ParOldGen       total 77312K, used 50985K [0x00000000c0000000, 0x00000000c4b80000, 0x00000000eab00000)
  object space 77312K, 65% used [0x00000000c0000000,0x00000000c31ca770,0x00000000c4b80000)
 Metaspace       used 6656K, capacity 7320K, committed 7680K, reserved 1056768K
  class space    used 630K, capacity 656K, committed 768K, reserved 1048576K
}

