# JRE version: Java(TM) SE Runtime Environment (8.0_66-b18) (build 1.8.0_66-b18)
# Java VM: Java HotSpot(TM) 64-Bit Server VM (25.66-b18 mixed mode windows-amd64 compressed oops)
Heap:
 PSYoungGen      total 144896K, used 71015K [0x00000000eab00000, 0x00000000f5a00000, 0x0000000100000000)
  eden space 119808K, 59% used [0x00000000eab00000,0x00000000ef059de8,0x00000000f2000000)
  from space 25088K, 0% used [0x00000000f2000000,0x00000000f2000000,0x00000000f3880000)
  to   space 15872K, 0% used [0x00000000f3880000,0x00000000f3880000,0x00000000f4800000)
 ParOldGen       total 110080K, used 84670K [0x00000000c0000000, 0x00000000c6b80000, 0x00000000eab00000)
  object space 110080K, 76% used [0x00000000c0000000,0x00000000c52afb70,0x00000000c6b80000)
 Metaspace       used 6506K, capacity 7256K, committed 7424K, reserved 1056768K
  class space    used 624K, capacity 656K, committed 768K, reserved 1048576K
GC Heap History (10 events):
Event: 28.286 GC heap before
{Heap before GC invocations=8 (full 0):
 PSYoungGen      total 75264K, used 75232K [0x00000000eab00000, 0x00000000f4800000, 0x0000000100000000)
  eden space 64512K, 100% used [0x00000000eab00000,0x00000000eea00000,0x00000000eea00000)
  from space 10752K, 99% used [0x00000000eea00000,0x00000000ef478010,0x00000000ef480000)
  to   space 15872K, 0% used [0x00000000f3880000,0x00000000f3880000,0x00000000f4800000)
 ParOldGen       total 44032K, used 17898K [0x00000000c0000000, 0x00000000c2b00000, 0x00000000eab00000)
  object space 44032K, 40% used [0x00000000c0000000,0x00000000c117a9f0,0x00000000c2b00000)
 Metaspace       used 6494K, capacity 7256K, committed 7424K, reserved 1056768K
  class space    used 623K, capacity 656K, committed 768K, reserved 1048576K
Event: 28.461 GC heap after
Heap after GC invocations=8 (full 0):
 PSYoungGen      total 135680K, used 15841K [0x00000000eab00000, 0x00000000f5a00000, 0x0000000100000000)
  eden space 119808K, 0% used [0x00000000eab00000,0x00000000eab00000,0x00000000f2000000)
  from space 15872K, 99% used [0x00000000f3880000,0x00000000f47f85a0,0x00000000f4800000)
  to   space 25088K, 0% used [0x00000000f2000000,0x00000000f2000000,0x00000000f3880000)
 ParOldGen       total 44032K, used 32033K [0x00000000c0000000, 0x00000000c2b00000, 0x00000000eab00000)
  object space 44032K, 72% used [0x00000000c0000000,0x00000000c1f48418,0x00000000c2b00000)
 Metaspace       used 6494K, capacity 7256K, committed 7424K, reserved 1056768K
  class space    used 623K, capacity 656K, committed 768K, reserved 1048576K
}
Event: 28.956 GC heap before
{Heap before GC invocations=9 (full 0):
 PSYoungGen      total 135680K, used 135649K [0x00000000eab00000, 0x00000000f5a00000, 0x0000000100000000)
  eden space 119808K, 100% used [0x00000000eab00000,0x00000000f2000000,0x00000000f2000000)
  from space 15872K, 99% used [0x00000000f3880000,0x00000000f47f85a0,0x00000000f4800000)
  to   space 25088K, 0% used [0x00000000f2000000,0x00000000f2000000,0x00000000f3880000)
 ParOldGen       total 44032K, used 32033K [0x00000000c0000000, 0x00000000c2b00000, 0x00000000eab00000)
  object space 44032K, 72% used [0x00000000c0000000,0x00000000c1f48418,0x00000000c2b00000)
 Metaspace       used 6494K, capacity 7256K, committed 7424K, reserved 1056768K
  class space    used 623K, capacity 656K, committed 768K, reserved 1048576K
Event: 29.309 GC heap after
Heap after GC invocations=9 (full 0):
 PSYoungGen      total 135680K, used 135649K [0x00000000eab00000, 0x00000000f5a00000, 0x0000000100000000)
  eden space 119808K, 100% used [0x00000000eab00000,0x00000000f2000000,0x00000000f2000000)
  from space 15872K, 99% used [0x00000000f3880000,0x00000000f47f85a0,0x00000000f4800000)
  to   space 25088K, 99% used [0x00000000f2000000,0x00000000f387aff8,0x00000000f3880000)
 ParOldGen       total 79360K, used 79352K [0x00000000c0000000, 0x00000000c4d80000, 0x00000000eab00000)
  object space 79360K, 99% used [0x00000000c0000000,0x00000000c4d7e050,0x00000000c4d80000)
 Metaspace       used 6494K, capacity 7256K, committed 7424K, reserved 1056768K
  class space    used 623K, capacity 656K, committed 768K, reserved 1048576K
}
Event: 29.309 GC heap before
{Heap before GC invocations=10 (full 1):
 PSYoungGen      total 135680K, used 135649K [0x00000000eab00000, 0x00000000f5a00000, 0x0000000100000000)
  eden space 119808K, 100% used [0x00000000eab00000,0x00000000f2000000,0x00000000f2000000)
  from space 15872K, 99% used [0x00000000f3880000,0x00000000f47f85a0,0x00000000f4800000)
  to   space 25088K, 99% used [0x00000000f2000000,0x00000000f387aff8,0x00000000f3880000)
 ParOldGen       total 79360K, used 79352K [0x00000000c0000000, 0x00000000c4d80000, 0x00000000eab00000)
  object space 79360K, 99% used [0x00000000c0000000,0x00000000c4d7e050,0x00000000c4d80000)
 Metaspace       used 6494K, capacity 7256K, committed 7424K, reserved 1056768K
  class space    used 623K, capacity 656K, committed 768K, reserved 1048576K
Event: 30.500 GC heap after
Heap after GC invocations=10 (full 1):
 PSYoungGen      total 135680K, used 30402K [0x00000000eab00000, 0x00000000f5a00000, 0x0000000100000000)
  eden space 119808K, 25% used [0x00000000eab00000,0x00000000ec8b0aa0,0x00000000f2000000)
  from space 15872K, 0% used [0x00000000f3880000,0x00000000f3880000,0x00000000f4800000)
  to   space 25088K, 0% used [0x00000000f2000000,0x00000000f2000000,0x00000000f3880000)
 ParOldGen       total 110080K, used 78959K [0x00000000c0000000, 0x00000000c6b80000, 0x00000000eab00000)
  object space 110080K, 71% used [0x00000000c0000000,0x00000000c4d1bfb8,0x00000000c6b80000)
 Metaspace       used 6494K, capacity 7256K, committed 7424K, reserved 1056768K
  class space    used 623K, capacity 656K, committed 768K, reserved 1048576K
}
Event: 31.556 GC heap before
{Heap before GC invocations=11 (full 1):
 PSYoungGen      total 135680K, used 119808K [0x00000000eab00000, 0x00000000f5a00000, 0x0000000100000000)
  eden space 119808K, 100% used [0x00000000eab00000,0x00000000f2000000,0x00000000f2000000)
  from space 15872K, 0% used [0x00000000f3880000,0x00000000f3880000,0x00000000f4800000)
  to   space 25088K, 0% used [0x00000000f2000000,0x00000000f2000000,0x00000000f3880000)
 ParOldGen       total 110080K, used 78959K [0x00000000c0000000, 0x00000000c6b80000, 0x00000000eab00000)
  object space 110080K, 71% used [0x00000000c0000000,0x00000000c4d1bfb8,0x00000000c6b80000)
 Metaspace       used 6503K, capacity 7256K, committed 7424K, reserved 1056768K
  class space    used 624K, capacity 656K, committed 768K, reserved 1048576K
Event: 31.727 GC heap after
Heap after GC invocations=11 (full 1):
 PSYoungGen      total 144896K, used 25060K [0x00000000eab00000, 0x00000000f5a00000, 0x0000000100000000)
  eden space 119808K, 0% used [0x00000000eab00000,0x00000000eab00000,0x00000000f2000000)
  from space 25088K, 99% used [0x00000000f2000000,0x00000000f3879010,0x00000000f3880000)
  to   space 15872K, 0% used [0x00000000f3880000,0x00000000f3880000,0x00000000f4800000)
 ParOldGen       total 110080K, used 97019K [0x00000000c0000000, 0x00000000c6b80000, 0x00000000eab00000)
  object space 110080K, 88% used [0x00000000c0000000,0x00000000c5ebec80,0x00000000c6b80000)
 Metaspace       used 6503K, capacity 7256K, committed 7424K, reserved 1056768K
  class space    used 624K, capacity 656K, committed 768K, reserved 1048576K
}
Event: 31.727 GC heap before
{Heap before GC invocations=12 (full 2):
 PSYoungGen      total 144896K, used 25060K [0x00000000eab00000, 0x00000000f5a00000, 0x0000000100000000)
  eden space 119808K, 0% used [0x00000000eab00000,0x00000000eab00000,0x00000000f2000000)
  from space 25088K, 99% used [0x00000000f2000000,0x00000000f3879010,0x00000000f3880000)
  to   space 15872K, 0% used [0x00000000f3880000,0x00000000f3880000,0x00000000f4800000)
 ParOldGen       total 110080K, used 97019K [0x00000000c0000000, 0x00000000c6b80000, 0x00000000eab00000)
  object space 110080K, 88% used [0x00000000c0000000,0x00000000c5ebec80,0x00000000c6b80000)
 Metaspace       used 6503K, capacity 7256K, committed 7424K, reserved 1056768K
  class space    used 624K, capacity 656K, committed 768K, reserved 1048576K
Event: 32.432 GC heap after
Heap after GC invocations=12 (full 2):
 PSYoungGen      total 144896K, used 0K [0x00000000eab00000, 0x00000000f5a00000, 0x0000000100000000)
  eden space 119808K, 0% used [0x00000000eab00000,0x00000000eab00000,0x00000000f2000000)
  from space 25088K, 0% used [0x00000000f2000000,0x00000000f2000000,0x00000000f3880000)
  to   space 15872K, 0% used [0x00000000f3880000,0x00000000f3880000,0x00000000f4800000)
 ParOldGen       total 110080K, used 84670K [0x00000000c0000000, 0x00000000c6b80000, 0x00000000eab00000)
  object space 110080K, 76% used [0x00000000c0000000,0x00000000c52afb70,0x00000000c6b80000)
 Metaspace       used 6503K, capacity 7256K, committed 7424K, reserved 1056768K
  class space    used 624K, capacity 656K, committed 768K, reserved 1048576K
}

